#
# A fatal error has been detected by the Java Runtime Environment:
#
#  SIGSEGV (0xb) at pc=0x0000000119b56656, pid=77144, tid=22275
#
# JRE version: Java(TM) SE Runtime Environment (8.0_66-b17) (build 1.8.0_66-b17)
# Java VM: Java HotSpot(TM) 64-Bit Server VM (25.66-b17 mixed mode bsd-amd64 compressed oops)
# Problematic frame:
# C  [libsass.dylib+0xe2656]  sass_option_get_include_path+0x10
#
# Failed to write core dump. Core dumps have been disabled. To enable core dumping, try "ulimit -c unlimited" before starting Java again
#
# If you would like to submit a bug report, please visit:
#   http://bugreport.java.com/bugreport/crash.jsp
# The crash happened outside the Java Virtual Machine in native code.
# See problematic frame for where to report the bug.
#

---------------  T H R E A D  ---------------

Current thread (0x00007feef1f05800):  JavaThread "pool-156-thread-1" [_thread_in_native, id=22275, stack(0x0000700003200000,0x0000700003300000)]

siginfo: si_signo: 11 (SIGSEGV), si_code: 1 (SEGV_MAPERR), si_addr: 0x0000000000000000

Registers:
RAX=0x0000000000000000, RBX=0x00007000032fe6e8, RCX=0x0000000780b03d30, RDX=0x00000007809dd6b0
RSP=0x00007000032fdcd0, RBP=0x00007000032fdcd0, RSI=0x000000010883a0bf, RDI=0x00007feef25e0840
R8 =0x00000007b3732fc0, R9 =0x00000001066f1cc8, R10=0x00007000032fdc30, R11=0x0000000119b56646
R12=0x0000000000000001, R13=0x0000000000000001, R14=0x0000000111e5d654, R15=0x376d6bf779c60009
RIP=0x0000000119b56656, EFLAGS=0x0000000000010212, ERR=0x0000000000000004
  TRAPNO=0x000000000000000e

Top of Stack: (sp=0x00007000032fdcd0)
0x00007000032fdcd0:   00007000032fdce0 0000000111e5e134
0x00007000032fdce0:   000000000000000e 00007000032fe6e8
0x00007000032fdcf0:   00007000032fddb0 0000000111e5d62d
0x00007000032fdd00:   0000000000000000 00007000032fde00
0x00007000032fdd10:   00007000032fde90 00007000032fe6e8
0x00007000032fdd20:   00007000032fde78 0000000119b56646
0x00007000032fdd30:   00007000032fdc60 00007000032fdc30
0x00007000032fdd40:   00000001032fddb0 0000000000000000
0x00007000032fdd50:   00007000032fddd0 0000000100000001
0x00007000032fdd60:   00007000032fddc0 00007000032fdce0
0x00007000032fdd70:   0000000000000001 00007feeebf12d90
0x00007000032fdd80:   376d6bf779c60009 0000000000000000
0x00007000032fdd90:   0000000119b56646 376d6bf779c60009
0x00007000032fdda0:   00007000032fdde0 00007feef1f059f8
0x00007000032fddb0:   00007000032fe6d0 0000000111e533aa
0x00007000032fddc0:   00007000032fde00 00007feef1f059f8
0x00007000032fddd0:   0000000111e5e778 000000010331b9e9
0x00007000032fdde0:   00007feef1f05800 0000000119b56646
0x00007000032fddf0:   00007000032fe6e8 00007feef1f059f8
0x00007000032fde00:   00007feef25e0840 0000000111e52bc9
0x00007000032fde10:   00007feef203f898 00000001078b16a0
0x00007000032fde20:   01007000032fdfb0 00007000032fe6e8
0x00007000032fde30:   0000000119b56646 00000000f1f05800
0x00007000032fde40:   0000000111e5e778 00007000032fddc0
0x00007000032fde50:   00007000032fddd0 00007000032fe788
0x00007000032fde60:   00000001f203f968 0000000000000000
0x00007000032fde70:   0000000000000000 0000000100000002
0x00007000032fde80:   00007000032fddd0 0000000111e5e778
0x00007000032fde90:   0000000e00000000 00000000032fe710
0x00007000032fdea0:   0000000107881928 00007000032fe768
0x00007000032fdeb0:   00007000032fe210 0000000000000000
0x00007000032fdec0:   0000000000000000 00000001066e1528 

Instructions: (pc=0x0000000119b56656)
0x0000000119b56636:   c0 eb 06 48 ff c0 48 8b 09 48 85 c9 75 f5 5d c3
0x0000000119b56646:   55 48 89 e5 48 8b 47 40 48 85 f6 74 08 48 ff ce
0x0000000119b56656:   48 8b 00 75 f8 48 8b 40 08 5d c3 55 48 89 e5 41
0x0000000119b56666:   57 41 56 53 50 49 89 f7 49 89 fe bf 01 00 00 00 

Register to memory mapping:

RAX=0x0000000000000000 is an unknown value
RBX=0x00007000032fe6e8 is pointing into the stack for thread: 0x00007feef1f05800
RCX=0x0000000780b03d30 is an oop
java.security.ProtectionDomain 
 - klass: 'java/security/ProtectionDomain'
RDX=0x00000007809dd6b0 is an oop
sbt.PluginManagement$PluginClassLoader 
 - klass: 'sbt/PluginManagement$PluginClassLoader'
RSP=0x00007000032fdcd0 is pointing into the stack for thread: 0x00007feef1f05800
RBP=0x00007000032fdcd0 is pointing into the stack for thread: 0x00007feef1f05800
RSI=0x000000010883a0bf is at entry_point+767 in (nmethod*)0x0000000108839b10
RDI=0x00007feef25e0840 is an unknown value
R8 =0x00000007b3732fc0 is an oop
java.lang.ClassLoader$1 
 - klass: 'java/lang/ClassLoader$1'
R9 ={method} {0x00000001066f1cc8} 'checkPackageAccess' '(Ljava/lang/Class;Ljava/security/ProtectionDomain;)V' in 'java/lang/ClassLoader'
R10=0x00007000032fdc30 is pointing into the stack for thread: 0x00007feef1f05800
R11=0x0000000119b56646: sass_option_get_include_path+0 in /usr/local/lib/libsass.dylib at 0x0000000119a74000
R12=0x0000000000000001 is an unknown value
R13=0x0000000000000001 is an unknown value
R14=0x0000000111e5d654: ffi_call+0x3f4 in /private/var/folders/ng/7wmm3t2s25b1q72874yhk_hc0000gp/T/jna-114024/jna8759639184495244169.tmp at 0x0000000111e50000
R15=0x376d6bf779c60009 is an unknown value


Stack: [0x0000700003200000,0x0000700003300000],  sp=0x00007000032fdcd0,  free space=1015k
Native frames: (J=compiled Java code, j=interpreted, Vv=VM code, C=native code)
C  [libsass.dylib+0xe2656]  sass_option_get_include_path+0x10
C  [jna8759639184495244169.tmp+0xe134]  ffi_call_unix64+0x4c
C  0x00007000032fe6e8

Java frames: (J=compiled Java code, j=interpreted, Vv=VM code)
j  com.sun.jna.Native.invokePointer(JI[Ljava/lang/Object;)J+0
j  com.sun.jna.Function.invokePointer(I[Ljava/lang/Object;)Lcom/sun/jna/Pointer;+6
j  com.sun.jna.Function.invokeString(I[Ljava/lang/Object;Z)Ljava/lang/String;+3
j  com.sun.jna.Function.invoke([Ljava/lang/Object;Ljava/lang/Class;Z)Ljava/lang/Object;+354
j  com.sun.jna.Function.invoke(Ljava/lang/reflect/Method;[Ljava/lang/Class;Ljava/lang/Class;[Ljava/lang/Object;Ljava/util/Map;)Ljava/lang/Object;+249
j  com.sun.jna.Library$Handler.invoke(Ljava/lang/Object;Ljava/lang/reflect/Method;[Ljava/lang/Object;)Ljava/lang/Object;+348
j  com.sun.proxy.$Proxy6.sass_option_get_include_path(Lorg/irundaia/sass/jna/SassLibrary$Sass_Options;)Ljava/lang/String;+16
j  org.irundaia.sass.Options.includePaths()Lscala/collection/Iterable;+10
j  org.irundaia.sass.CompilerSettings.applySettings(Ljava/nio/file/Path;Lorg/irundaia/sass/Options;)V+149
j  org.irundaia.sass.SassCompiler$.doCompile(Ljava/nio/file/Path;Lorg/irundaia/sass/CompilerSettings;)Lscala/util/Either;+14
j  org.irundaia.sass.SassCompiler$.compile(Ljava/nio/file/Path;Ljava/nio/file/Path;Ljava/nio/file/Path;Lorg/irundaia/sass/CompilerSettings;)Lscala/util/Either;+41
j  org.irundaia.sbt.sass.SbtSassify$$anonfun$6$$anonfun$8$$anonfun$9.apply(Ljava/io/File;)Lscala/Tuple2;+110
j  org.irundaia.sbt.sass.SbtSassify$$anonfun$6$$anonfun$8$$anonfun$9.apply(Ljava/lang/Object;)Ljava/lang/Object;+5
J 2417 C2 scala.collection.TraversableLike$$anonfun$map$1.apply(Ljava/lang/Object;)Ljava/lang/Object; (6 bytes) @ 0x0000000107ee37ec [0x0000000107ee37a0+0x4c]
J 20253 C2 scala.collection.mutable.ArrayBuffer.foreach(Lscala/Function1;)V (6 bytes) @ 0x000000010990f1a8 [0x000000010990f120+0x88]
J 4078 C2 scala.collection.AbstractTraversable.map(Lscala/Function1;Lscala/collection/generic/CanBuildFrom;)Ljava/lang/Object; (7 bytes) @ 0x00000001081aaca8 [0x00000001081aab80+0x128]
j  org.irundaia.sbt.sass.SbtSassify$$anonfun$6$$anonfun$8.apply(Lscala/collection/Seq;)Lscala/Tuple2;+51
j  org.irundaia.sbt.sass.SbtSassify$$anonfun$6$$anonfun$8.apply(Ljava/lang/Object;)Ljava/lang/Object;+5
j  com.typesafe.sbt.web.incremental.package$.syncIncremental(Ljava/io/File;Lscala/collection/Seq;Lscala/Function1;Lcom/typesafe/sbt/web/incremental/OpInputHasher;)Lscala/Tuple2;+96
j  org.irundaia.sbt.sass.SbtSassify$$anonfun$6.apply(Lsbt/KCons;)Lscala/collection/Seq;+415
j  org.irundaia.sbt.sass.SbtSassify$$anonfun$6.apply(Ljava/lang/Object;)Ljava/lang/Object;+5
J 21176 C2 sbt.$tilde$greater$$anonfun$$u2219$1.apply(Ljava/lang/Object;)Ljava/lang/Object; (27 bytes) @ 0x000000010a15a6b0 [0x000000010a15a620+0x90]
J 7999 C1 sbt.Execute$$anonfun$submit$1$$anonfun$apply$1.apply()Ljava/lang/Object; (5 bytes) @ 0x00000001087ae534 [0x00000001087ae2e0+0x254]
J 20473 C1 sbt.ErrorHandling$.wideConvert(Lscala/Function0;)Lscala/util/Either; (131 bytes) @ 0x0000000108ff64ec [0x0000000108ff6340+0x1ac]
J 7997 C1 sbt.Execute.work(Ljava/lang/Object;Lscala/Function0;Lsbt/CompletionService;)Lsbt/Completed; (73 bytes) @ 0x00000001087acbdc [0x00000001087aca40+0x19c]
J 7865 C1 sbt.Execute$$anonfun$submit$1.apply()Ljava/lang/Object; (5 bytes) @ 0x000000010876c694 [0x000000010876c300+0x394]
J 7864 C1 sbt.ConcurrentRestrictions$$anon$4$$anonfun$1.apply()Ljava/lang/Object; (35 bytes) @ 0x000000010876ceb4 [0x000000010876cda0+0x114]
J 7863 C1 sbt.CompletionService$$anon$2.call()Ljava/lang/Object; (10 bytes) @ 0x0000000108760fcc [0x0000000108760ec0+0x10c]
J 21136 C1 java.util.concurrent.FutureTask.run()V (126 bytes) @ 0x000000010876b82c [0x000000010876b740+0xec]
J 7862 C1 java.util.concurrent.Executors$RunnableAdapter.call()Ljava/lang/Object; (14 bytes) @ 0x0000000108761414 [0x0000000108761300+0x114]
J 21136 C1 java.util.concurrent.FutureTask.run()V (126 bytes) @ 0x000000010876b82c [0x000000010876b740+0xec]
J 20597 C1 java.util.concurrent.ThreadPoolExecutor.runWorker(Ljava/util/concurrent/ThreadPoolExecutor$Worker;)V (225 bytes) @ 0x000000010a19713c [0x000000010a196180+0xfbc]
J 20737 C1 java.util.concurrent.ThreadPoolExecutor$Worker.run()V (9 bytes) @ 0x000000010814dd84 [0x000000010814dc80+0x104]
J 20854 C1 java.lang.Thread.run()V (17 bytes) @ 0x00000001079f8704 [0x00000001079f85c0+0x144]
v  ~StubRoutines::call_stub

---------------  P R O C E S S  ---------------

Java Threads: ( => current thread )
  0x00007feeed16d000 JavaThread "pool-156-thread-7" [_thread_blocked, id=35371, stack(0x0000700003d21000,0x0000700003e21000)]
  0x00007feeecc07800 JavaThread "pool-156-thread-6" [_thread_blocked, id=35875, stack(0x0000700003c1e000,0x0000700003d1e000)]
  0x00007feef0fdb800 JavaThread "pool-156-thread-5" [_thread_blocked, id=36379, stack(0x0000700003b1b000,0x0000700003c1b000)]
  0x00007feeed4bf000 JavaThread "pool-156-thread-4" [_thread_blocked, id=4359, stack(0x0000700003915000,0x0000700003a15000)]
  0x00007feeed607000 JavaThread "pool-156-thread-3" [_thread_blocked, id=20723, stack(0x0000700003812000,0x0000700003912000)]
  0x00007feef1ef4800 JavaThread "pool-156-thread-2" [_thread_blocked, id=38387, stack(0x0000700003303000,0x0000700003403000)]
=>0x00007feef1f05800 JavaThread "pool-156-thread-1" [_thread_in_native, id=22275, stack(0x0000700003200000,0x0000700003300000)]
  0x00007feef300e000 JavaThread "ForkJoinPool-1-worker-1" daemon [_thread_blocked, id=22003, stack(0x00007000030fd000,0x00007000031fd000)]
  0x00007feeeea51000 JavaThread "netty-event-loop-3" [_thread_blocked, id=35591, stack(0x0000700002ecc000,0x0000700002fcc000)]
  0x00007feef1499000 JavaThread "netty-event-loop-2" [_thread_in_native, id=34823, stack(0x0000700003a18000,0x0000700003b18000)]
  0x00007feef1de2000 JavaThread "play-dev-mode-akka.actor.default-dispatcher-2" [_thread_blocked, id=33283, stack(0x000070000370f000,0x000070000380f000)]
  0x00007feef0650000 JavaThread "play-dev-mode-scheduler-1" [_thread_blocked, id=32771, stack(0x000070000360c000,0x000070000370c000)]
  0x00007feef1d7b000 JavaThread "FSEvent thread" daemon [_thread_in_native, id=23047, stack(0x0000700003509000,0x0000700003609000)]
  0x00007feef0566000 JavaThread "pool-8-thread-5" [_thread_blocked, id=21283, stack(0x0000700003406000,0x0000700003506000)]
  0x00007feeef779800 JavaThread "sbt-web-akka.actor.default-dispatcher-3" [_thread_blocked, id=4619, stack(0x0000700002ffa000,0x00007000030fa000)]
  0x00007feef058a000 JavaThread "sbt-web-scheduler-1" [_thread_blocked, id=22035, stack(0x0000700001f19000,0x0000700002019000)]
  0x00007feeed000000 JavaThread "Service Thread" daemon [_thread_blocked, id=18435, stack(0x0000700002cc6000,0x0000700002dc6000)]
  0x00007feeec06b000 JavaThread "C1 CompilerThread2" daemon [_thread_blocked, id=17923, stack(0x0000700002bc3000,0x0000700002cc3000)]
  0x00007feeec06a000 JavaThread "C2 CompilerThread1" daemon [_thread_in_native, id=17411, stack(0x0000700002ac0000,0x0000700002bc0000)]
  0x00007feeed807000 JavaThread "C2 CompilerThread0" daemon [_thread_in_native, id=16899, stack(0x00007000029bd000,0x0000700002abd000)]
  0x00007feeec03e000 JavaThread "Signal Dispatcher" daemon [_thread_blocked, id=16387, stack(0x00007000028ba000,0x00007000029ba000)]
  0x00007feeec036800 JavaThread "Finalizer" daemon [_thread_blocked, id=12547, stack(0x00007000027b7000,0x00007000028b7000)]
  0x00007feeec035800 JavaThread "Reference Handler" daemon [_thread_blocked, id=12035, stack(0x00007000026b4000,0x00007000027b4000)]
  0x00007feeec806800 JavaThread "main" [_thread_blocked, id=7171, stack(0x00007000020a2000,0x00007000021a2000)]

Other Threads:
  0x00007feeec033000 VMThread [stack: 0x00007000025b1000,0x00007000026b1000] [id=11523]
  0x00007feeec85a800 WatcherThread [stack: 0x0000700002dc9000,0x0000700002ec9000] [id=18947]

VM state:not at safepoint (normal execution)

VM Mutex/Monitor currently owned by a thread: None

Heap:
 PSYoungGen      total 253952K, used 214389K [0x00000007aab00000, 0x00000007c0000000, 0x00000007c0000000)
  eden space 183296K, 78% used [0x00000007aab00000,0x00000007b37769b0,0x00000007b5e00000)
  from space 70656K, 99% used [0x00000007b5e00000,0x00000007ba2e6c20,0x00000007ba300000)
  to   space 93184K, 0% used [0x00000007ba500000,0x00000007ba500000,0x00000007c0000000)
 ParOldGen       total 699392K, used 122060K [0x0000000780000000, 0x00000007aab00000, 0x00000007aab00000)
  object space 699392K, 17% used [0x0000000780000000,0x00000007877333b8,0x00000007aab00000)
 Metaspace       used 122963K, capacity 123765K, committed 124184K, reserved 1153024K
  class space    used 21230K, capacity 21511K, committed 21544K, reserved 1048576K

Card table byte_map: [0x0000000104186000,0x0000000104387000] byte_map_base: 0x0000000100586000

Marking Bits: (ParMarkBitMap*) 0x00000001038dde20
 Begin Bits: [0x00000001044dd000, 0x00000001054dd000)
 End Bits:   [0x00000001054dd000, 0x00000001064dd000)

Polling page: 0x00000001027d7000

CodeCache: size=131072Kb used=52900Kb max_used=53474Kb free=78171Kb
 bounds [0x000000010786c000, 0x000000010acec000, 0x000000010f86c000]
 total_blobs=19977 nmethods=19398 adapters=484
 compilation: enabled

Compilation events (10 events):
Event: 250,916 Thread 0x00007feeec06b000 23889       2       sun.misc.ProxyGenerator$ConstantPool$ValueEntry::write (190 bytes)
Event: 250,917 Thread 0x00007feeec06b000 nmethod 23889 0x00000001090187d0 code [0x0000000109018a80, 0x0000000109019468]
Event: 250,917 Thread 0x00007feeec06b000 23877       2       java.lang.reflect.Method::getExceptionTypes (11 bytes)
Event: 250,917 Thread 0x00007feeec06b000 nmethod 23877 0x0000000109018410 code [0x0000000109018580, 0x0000000109018728]
Event: 250,923 Thread 0x00007feeec06b000 23890       2       java.lang.Class::privateGetMethodRecursive (130 bytes)
Event: 250,923 Thread 0x00007feeec06b000 nmethod 23890 0x0000000109017ad0 code [0x0000000109017ca0, 0x0000000109018058]
Event: 250,923 Thread 0x00007feeec06b000 23892       2       java.lang.Class::forName (15 bytes)
Event: 250,924 Thread 0x00007feeec06b000 nmethod 23892 0x00000001091b6310 code [0x00000001091b6480, 0x00000001091b6618]
Event: 250,924 Thread 0x00007feeec06b000 23891       2       java.lang.Class::getMethod0 (40 bytes)
Event: 250,924 Thread 0x00007feeec06b000 nmethod 23891 0x00000001091b5dd0 code [0x00000001091b5f60, 0x00000001091b61d8]

GC Heap History (10 events):
Event: 227,370 GC heap before
{Heap before GC invocations=30 (full 9):
 PSYoungGen      total 268288K, used 191488K [0x00000007aab00000, 0x00000007c0000000, 0x00000007c0000000)
  eden space 191488K, 100% used [0x00000007aab00000,0x00000007b6600000,0x00000007b6600000)
  from space 76800K, 0% used [0x00000007bb500000,0x00000007bb500000,0x00000007c0000000)
  to   space 78848K, 0% used [0x00000007b6600000,0x00000007b6600000,0x00000007bb300000)
 ParOldGen       total 699392K, used 122044K [0x0000000780000000, 0x00000007aab00000, 0x00000007aab00000)
  object space 699392K, 17% used [0x0000000780000000,0x000000078772f3b8,0x00000007aab00000)
 Metaspace       used 119324K, capacity 120147K, committed 120600K, reserved 1148928K
  class space    used 20958K, capacity 21222K, committed 21288K, reserved 1048576K
Event: 227,373 GC heap after
Heap after GC invocations=30 (full 9):
 PSYoungGen      total 192000K, used 352K [0x00000007aab00000, 0x00000007c0000000, 0x00000007c0000000)
  eden space 191488K, 0% used [0x00000007aab00000,0x00000007aab00000,0x00000007b6600000)
  from space 512K, 68% used [0x00000007b6600000,0x00000007b6658000,0x00000007b6680000)
  to   space 79872K, 0% used [0x00000007bb200000,0x00000007bb200000,0x00000007c0000000)
 ParOldGen       total 699392K, used 122044K [0x0000000780000000, 0x00000007aab00000, 0x00000007aab00000)
  object space 699392K, 17% used [0x0000000780000000,0x000000078772f3b8,0x00000007aab00000)
 Metaspace       used 119324K, capacity 120147K, committed 120600K, reserved 1148928K
  class space    used 20958K, capacity 21222K, committed 21288K, reserved 1048576K
}
Event: 242,064 GC heap before
{Heap before GC invocations=31 (full 9):
 PSYoungGen      total 192000K, used 191840K [0x00000007aab00000, 0x00000007c0000000, 0x00000007c0000000)
  eden space 191488K, 100% used [0x00000007aab00000,0x00000007b6600000,0x00000007b6600000)
  from space 512K, 68% used [0x00000007b6600000,0x00000007b6658000,0x00000007b6680000)
  to   space 79872K, 0% used [0x00000007bb200000,0x00000007bb200000,0x00000007c0000000)
 ParOldGen       total 699392K, used 122044K [0x0000000780000000, 0x00000007aab00000, 0x00000007aab00000)
  object space 699392K, 17% used [0x0000000780000000,0x000000078772f3b8,0x00000007aab00000)
 Metaspace       used 119348K, capacity 120147K, committed 120600K, reserved 1148928K
  class space    used 20958K, capacity 21222K, committed 21288K, reserved 1048576K
Event: 242,066 GC heap after
Heap after GC invocations=31 (full 9):
 PSYoungGen      total 269312K, used 544K [0x00000007aab00000, 0x00000007c0000000, 0x00000007c0000000)
  eden space 189440K, 0% used [0x00000007aab00000,0x00000007aab00000,0x00000007b6400000)
  from space 79872K, 0% used [0x00000007bb200000,0x00000007bb288000,0x00000007c0000000)
  to   space 79872K, 0% used [0x00000007b6400000,0x00000007b6400000,0x00000007bb200000)
 ParOldGen       total 699392K, used 122044K [0x0000000780000000, 0x00000007aab00000, 0x00000007aab00000)
  object space 699392K, 17% used [0x0000000780000000,0x000000078772f3b8,0x00000007aab00000)
 Metaspace       used 119348K, capacity 120147K, committed 120600K, reserved 1148928K
  class space    used 20958K, capacity 21222K, committed 21288K, reserved 1048576K
}
Event: 246,542 GC heap before
{Heap before GC invocations=32 (full 9):
 PSYoungGen      total 269312K, used 189984K [0x00000007aab00000, 0x00000007c0000000, 0x00000007c0000000)
  eden space 189440K, 100% used [0x00000007aab00000,0x00000007b6400000,0x00000007b6400000)
  from space 79872K, 0% used [0x00000007bb200000,0x00000007bb288000,0x00000007c0000000)
  to   space 79872K, 0% used [0x00000007b6400000,0x00000007b6400000,0x00000007bb200000)
 ParOldGen       total 699392K, used 122044K [0x0000000780000000, 0x00000007aab00000, 0x00000007aab00000)
  object space 699392K, 17% used [0x0000000780000000,0x000000078772f3b8,0x00000007aab00000)
 Metaspace       used 120473K, capacity 121237K, committed 121496K, reserved 1148928K
  class space    used 21099K, capacity 21351K, committed 21416K, reserved 1048576K
Event: 246,554 GC heap after
Heap after GC invocations=32 (full 9):
 PSYoungGen      total 269312K, used 13109K [0x00000007aab00000, 0x00000007c0000000, 0x00000007c0000000)
  eden space 189440K, 0% used [0x00000007aab00000,0x00000007aab00000,0x00000007b6400000)
  from space 79872K, 16% used [0x00000007b6400000,0x00000007b70cd4d8,0x00000007bb200000)
  to   space 76800K, 0% used [0x00000007bb500000,0x00000007bb500000,0x00000007c0000000)
 ParOldGen       total 699392K, used 122052K [0x0000000780000000, 0x00000007aab00000, 0x00000007aab00000)
  object space 699392K, 17% used [0x0000000780000000,0x00000007877313b8,0x00000007aab00000)
 Metaspace       used 120473K, capacity 121237K, committed 121496K, reserved 1148928K
  class space    used 21099K, capacity 21351K, committed 21416K, reserved 1048576K
}
Event: 247,766 GC heap before
{Heap before GC invocations=33 (full 9):
 PSYoungGen      total 269312K, used 202549K [0x00000007aab00000, 0x00000007c0000000, 0x00000007c0000000)
  eden space 189440K, 100% used [0x00000007aab00000,0x00000007b6400000,0x00000007b6400000)
  from space 79872K, 16% used [0x00000007b6400000,0x00000007b70cd4d8,0x00000007bb200000)
  to   space 76800K, 0% used [0x00000007bb500000,0x00000007bb500000,0x00000007c0000000)
 ParOldGen       total 699392K, used 122052K [0x0000000780000000, 0x00000007aab00000, 0x00000007aab00000)
  object space 699392K, 17% used [0x0000000780000000,0x00000007877313b8,0x00000007aab00000)
 Metaspace       used 120877K, capacity 121685K, committed 122008K, reserved 1150976K
  class space    used 21100K, capacity 21351K, committed 21416K, reserved 1048576K
Event: 247,804 GC heap after
Heap after GC invocations=33 (full 9):
 PSYoungGen      total 260096K, used 55807K [0x00000007aab00000, 0x00000007c0000000, 0x00000007c0000000)
  eden space 183296K, 0% used [0x00000007aab00000,0x00000007aab00000,0x00000007b5e00000)
  from space 76800K, 72% used [0x00000007bb500000,0x00000007beb7ff70,0x00000007c0000000)
  to   space 82944K, 0% used [0x00000007b5e00000,0x00000007b5e00000,0x00000007baf00000)
 ParOldGen       total 699392K, used 122060K [0x0000000780000000, 0x00000007aab00000, 0x00000007aab00000)
  object space 699392K, 17% used [0x0000000780000000,0x00000007877333b8,0x00000007aab00000)
 Metaspace       used 120877K, capacity 121685K, committed 122008K, reserved 1150976K
  class space    used 21100K, capacity 21351K, committed 21416K, reserved 1048576K
}
Event: 249,714 GC heap before
{Heap before GC invocations=34 (full 9):
 PSYoungGen      total 260096K, used 239103K [0x00000007aab00000, 0x00000007c0000000, 0x00000007c0000000)
  eden space 183296K, 100% used [0x00000007aab00000,0x00000007b5e00000,0x00000007b5e00000)
  from space 76800K, 72% used [0x00000007bb500000,0x00000007beb7ff70,0x00000007c0000000)
  to   space 82944K, 0% used [0x00000007b5e00000,0x00000007b5e00000,0x00000007baf00000)
 ParOldGen       total 699392K, used 122060K [0x0000000780000000, 0x00000007aab00000, 0x00000007aab00000)
  object space 699392K, 17% used [0x0000000780000000,0x00000007877333b8,0x00000007aab00000)
 Metaspace       used 121568K, capacity 122325K, committed 122776K, reserved 1150976K
  class space    used 21102K, capacity 21351K, committed 21416K, reserved 1048576K
Event: 249,765 GC heap after
Heap after GC invocations=34 (full 9):
 PSYoungGen      total 253952K, used 70555K [0x00000007aab00000, 0x00000007c0000000, 0x00000007c0000000)
  eden space 183296K, 0% used [0x00000007aab00000,0x00000007aab00000,0x00000007b5e00000)
  from space 70656K, 99% used [0x00000007b5e00000,0x00000007ba2e6c20,0x00000007ba300000)
  to   space 93184K, 0% used [0x00000007ba500000,0x00000007ba500000,0x00000007c0000000)
 ParOldGen       total 699392K, used 122060K [0x0000000780000000, 0x00000007aab00000, 0x00000007aab00000)
  object space 699392K, 17% used [0x0000000780000000,0x00000007877333b8,0x00000007aab00000)
 Metaspace       used 121568K, capacity 122325K, committed 122776K, reserved 1150976K
  class space    used 21102K, capacity 21351K, committed 21416K, reserved 1048576K
}

Deoptimization events (10 events):
Event: 250,801 Thread 0x00007feeecc07800 Uncommon trap: reason=unstable_if action=reinterpret pc=0x0000000107b11ab8 method=java.util.Date.getTimeImpl()J @ 4
Event: 250,819 Thread 0x00007feef1f05800 Uncommon trap: reason=class_check action=maybe_recompile pc=0x00000001080f6ab0 method=sbt.FileFilter$$anonfun$$bar$bar$1.apply(Ljava/io/File;)Z @ 18
Event: 250,820 Thread 0x00007feef1f05800 Uncommon trap: reason=class_check action=maybe_recompile pc=0x00000001080f6ab0 method=sbt.FileFilter$$anonfun$$bar$bar$1.apply(Ljava/io/File;)Z @ 18
Event: 250,820 Thread 0x00007feef1f05800 Uncommon trap: reason=class_check action=maybe_recompile pc=0x00000001080f6ab0 method=sbt.FileFilter$$anonfun$$bar$bar$1.apply(Ljava/io/File;)Z @ 18
Event: 250,820 Thread 0x00007feef1f05800 Uncommon trap: reason=class_check action=maybe_recompile pc=0x00000001080f6ab0 method=sbt.FileFilter$$anonfun$$bar$bar$1.apply(Ljava/io/File;)Z @ 18
Event: 250,848 Thread 0x00007feef1f05800 Uncommon trap: reason=unstable_if action=reinterpret pc=0x00000001088f3160 method=java.lang.Integer.getChars(II[C)V @ 20
Event: 250,849 Thread 0x00007feef1f05800 Uncommon trap: reason=unstable_if action=reinterpret pc=0x00000001088f2460 method=java.lang.Integer.getChars(II[C)V @ 20
Event: 250,886 Thread 0x00007feef1f05800 Uncommon trap: reason=class_check action=maybe_recompile pc=0x0000000109c4adf0 method=java.util.LinkedList.addAll(ILjava/util/Collection;)Z @ 6
Event: 250,886 Thread 0x00007feef1f05800 Uncommon trap: reason=class_check action=maybe_recompile pc=0x0000000109c4adf0 method=java.util.LinkedList.addAll(ILjava/util/Collection;)Z @ 6
Event: 250,887 Thread 0x00007feef1f05800 Uncommon trap: reason=unstable_if action=reinterpret pc=0x0000000107cabff8 method=java.lang.StringCoding.encode(Ljava/lang/String;[CII)[B @ 38

Internal exceptions (10 events):
Event: 250,493 Thread 0x00007feeecc07800 Exception <a 'java/io/FileNotFoundException'> (0x00000007af5f74d0) thrown at [/HUDSON3/workspace/8-2-build-macosx-x86_64/jdk8u66/4988/hotspot/src/share/vm/prims/jni.cpp, line 709]
Event: 250,495 Thread 0x00007feeecc07800 Exception <a 'java/io/FileNotFoundException'> (0x00000007af62d9b8) thrown at [/HUDSON3/workspace/8-2-build-macosx-x86_64/jdk8u66/4988/hotspot/src/share/vm/prims/jni.cpp, line 709]
Event: 250,497 Thread 0x00007feeecc07800 Exception <a 'java/io/FileNotFoundException'> (0x00000007af64dec8) thrown at [/HUDSON3/workspace/8-2-build-macosx-x86_64/jdk8u66/4988/hotspot/src/share/vm/prims/jni.cpp, line 709]
Event: 250,731 Thread 0x00007feeecc07800 Exception <a 'java/security/PrivilegedActionException'> (0x00000007b1d31958) thrown at [/HUDSON3/workspace/8-2-build-macosx-x86_64/jdk8u66/4988/hotspot/src/share/vm/prims/jvm.cpp, line 1386]
Event: 250,731 Thread 0x00007feeecc07800 Exception <a 'java/security/PrivilegedActionException'> (0x00000007b1d31d50) thrown at [/HUDSON3/workspace/8-2-build-macosx-x86_64/jdk8u66/4988/hotspot/src/share/vm/prims/jvm.cpp, line 1386]
Event: 250,731 Thread 0x00007feeed607000 Implicit null exception at 0x0000000109eb76bc to 0x0000000109eb8325
Event: 250,742 Thread 0x00007feeecc07800 Exception <a 'java/security/PrivilegedActionException'> (0x00000007b20cf550) thrown at [/HUDSON3/workspace/8-2-build-macosx-x86_64/jdk8u66/4988/hotspot/src/share/vm/prims/jvm.cpp, line 1386]
Event: 250,742 Thread 0x00007feeecc07800 Exception <a 'java/security/PrivilegedActionException'> (0x00000007b20cf948) thrown at [/HUDSON3/workspace/8-2-build-macosx-x86_64/jdk8u66/4988/hotspot/src/share/vm/prims/jvm.cpp, line 1386]
Event: 250,827 Thread 0x00007feef1f05800 Exception <a 'java/io/FileNotFoundException'> (0x00000007b2872c70) thrown at [/HUDSON3/workspace/8-2-build-macosx-x86_64/jdk8u66/4988/hotspot/src/share/vm/prims/jni.cpp, line 709]
Event: 250,836 Thread 0x00007feef1f05800 Exception <a 'sun/nio/fs/UnixException'> (0x00000007b294c828) thrown at [/HUDSON3/workspace/8-2-build-macosx-x86_64/jdk8u66/4988/hotspot/src/share/vm/prims/jni.cpp, line 709]

Events (10 events):
Event: 250,932 loading class com/sun/jna/TypeConverter
Event: 250,932 loading class com/sun/jna/TypeConverter done
Event: 250,932 loading class com/sun/jna/Function$PostCallRead
Event: 250,932 loading class com/sun/jna/Function$PostCallRead done
Event: 250,932 loading class org/irundaia/sass/Options$
Event: 250,932 loading class org/irundaia/sass/Options$ done
Event: 250,933 loading class org/irundaia/sass/Options
Event: 250,933 loading class org/irundaia/sass/Options done
Event: 250,934 loading class org/irundaia/sass/jna/SassLibrary$Sass_Output_Style
Event: 250,934 loading class org/irundaia/sass/jna/SassLibrary$Sass_Output_Style done


Dynamic libraries:
0x0000000057294000 	/System/Library/Frameworks/Cocoa.framework/Versions/A/Cocoa
0x0000000057294000 	/System/Library/Frameworks/Security.framework/Versions/A/Security
0x0000000057294000 	/System/Library/Frameworks/ApplicationServices.framework/Versions/A/ApplicationServices
0x0000000057294000 	/usr/lib/libz.1.dylib
0x0000000057294000 	/usr/lib/libSystem.B.dylib
0x0000000057294000 	/usr/lib/libobjc.A.dylib
0x0000000057294000 	/System/Library/Frameworks/CoreFoundation.framework/Versions/A/CoreFoundation
0x0000000057294000 	/System/Library/Frameworks/Foundation.framework/Versions/C/Foundation
0x0000000057294000 	/System/Library/Frameworks/AppKit.framework/Versions/C/AppKit
0x0000000057294000 	/System/Library/Frameworks/CoreData.framework/Versions/A/CoreData
0x0000000057294000 	/System/Library/PrivateFrameworks/RemoteViewServices.framework/Versions/A/RemoteViewServices
0x0000000057294000 	/System/Library/PrivateFrameworks/UIFoundation.framework/Versions/A/UIFoundation
0x0000000057294000 	/System/Library/PrivateFrameworks/DFRFoundation.framework/Versions/A/DFRFoundation
0x0000000057294000 	/usr/lib/libenergytrace.dylib
0x0000000057294000 	/System/Library/PrivateFrameworks/SkyLight.framework/Versions/A/SkyLight
0x0000000057294000 	/System/Library/Frameworks/CoreGraphics.framework/Versions/A/CoreGraphics
0x0000000057294000 	/usr/lib/libScreenReader.dylib
0x0000000057294000 	/System/Library/Frameworks/Accelerate.framework/Versions/A/Accelerate
0x0000000057294000 	/System/Library/Frameworks/IOSurface.framework/Versions/A/IOSurface
0x0000000057294000 	/System/Library/Frameworks/AudioToolbox.framework/Versions/A/AudioToolbox
0x0000000057294000 	/System/Library/Frameworks/AudioUnit.framework/Versions/A/AudioUnit
0x0000000057294000 	/System/Library/PrivateFrameworks/DataDetectorsCore.framework/Versions/A/DataDetectorsCore
0x0000000057294000 	/System/Library/PrivateFrameworks/DesktopServicesPriv.framework/Versions/A/DesktopServicesPriv
0x0000000057294000 	/System/Library/Frameworks/Carbon.framework/Versions/A/Frameworks/HIToolbox.framework/Versions/A/HIToolbox
0x0000000057294000 	/usr/lib/libicucore.A.dylib
0x0000000057294000 	/System/Library/Frameworks/QuartzCore.framework/Versions/A/QuartzCore
0x0000000057294000 	/System/Library/Frameworks/Carbon.framework/Versions/A/Frameworks/SpeechRecognition.framework/Versions/A/SpeechRecognition
0x0000000057294000 	/usr/lib/libauto.dylib
0x0000000057294000 	/usr/lib/libxml2.2.dylib
0x0000000057294000 	/System/Library/PrivateFrameworks/CoreUI.framework/Versions/A/CoreUI
0x0000000057294000 	/System/Library/Frameworks/CoreAudio.framework/Versions/A/CoreAudio
0x0000000057294000 	/System/Library/Frameworks/DiskArbitration.framework/Versions/A/DiskArbitration
0x0000000057294000 	/usr/lib/liblangid.dylib
0x0000000057294000 	/System/Library/PrivateFrameworks/MultitouchSupport.framework/Versions/A/MultitouchSupport
0x0000000057294000 	/System/Library/Frameworks/IOKit.framework/Versions/A/IOKit
0x0000000057294000 	/usr/lib/libDiagnosticMessagesClient.dylib
0x0000000057294000 	/System/Library/Frameworks/CoreServices.framework/Versions/A/CoreServices
0x0000000057294000 	/System/Library/PrivateFrameworks/PerformanceAnalysis.framework/Versions/A/PerformanceAnalysis
0x0000000057294000 	/System/Library/PrivateFrameworks/GenerationalStorage.framework/Versions/A/GenerationalStorage
0x0000000057294000 	/System/Library/Frameworks/OpenGL.framework/Versions/A/OpenGL
0x0000000057294000 	/System/Library/Frameworks/CoreImage.framework/Versions/A/CoreImage
0x0000000057294000 	/System/Library/Frameworks/CoreText.framework/Versions/A/CoreText
0x0000000057294000 	/System/Library/Frameworks/ImageIO.framework/Versions/A/ImageIO
0x0000000057294000 	/System/Library/PrivateFrameworks/Backup.framework/Versions/A/Backup
0x0000000057294000 	/usr/lib/libarchive.2.dylib
0x0000000057294000 	/System/Library/Frameworks/CFNetwork.framework/Versions/A/CFNetwork
0x0000000057294000 	/System/Library/Frameworks/SystemConfiguration.framework/Versions/A/SystemConfiguration
0x0000000057294000 	/usr/lib/libCRFSuite.dylib
0x0000000057294000 	/usr/lib/libc++.1.dylib
0x0000000057294000 	/usr/lib/libc++abi.dylib
0x0000000057294000 	/usr/lib/system/libcache.dylib
0x0000000057294000 	/usr/lib/system/libcommonCrypto.dylib
0x0000000057294000 	/usr/lib/system/libcompiler_rt.dylib
0x0000000057294000 	/usr/lib/system/libcopyfile.dylib
0x0000000057294000 	/usr/lib/system/libcorecrypto.dylib
0x0000000057294000 	/usr/lib/system/libdispatch.dylib
0x0000000057294000 	/usr/lib/system/libdyld.dylib
0x0000000057294000 	/usr/lib/system/libkeymgr.dylib
0x0000000057294000 	/usr/lib/system/liblaunch.dylib
0x0000000057294000 	/usr/lib/system/libmacho.dylib
0x0000000057294000 	/usr/lib/system/libquarantine.dylib
0x0000000057294000 	/usr/lib/system/libremovefile.dylib
0x0000000057294000 	/usr/lib/system/libsystem_asl.dylib
0x0000000057294000 	/usr/lib/system/libsystem_blocks.dylib
0x0000000057294000 	/usr/lib/system/libsystem_c.dylib
0x0000000057294000 	/usr/lib/system/libsystem_configuration.dylib
0x0000000057294000 	/usr/lib/system/libsystem_coreservices.dylib
0x0000000057294000 	/usr/lib/system/libsystem_coretls.dylib
0x0000000057294000 	/usr/lib/system/libsystem_dnssd.dylib
0x0000000057294000 	/usr/lib/system/libsystem_info.dylib
0x0000000057294000 	/usr/lib/system/libsystem_kernel.dylib
0x0000000057294000 	/usr/lib/system/libsystem_m.dylib
0x0000000057294000 	/usr/lib/system/libsystem_malloc.dylib
0x0000000057294000 	/usr/lib/system/libsystem_network.dylib
0x0000000057294000 	/usr/lib/system/libsystem_networkextension.dylib
0x0000000057294000 	/usr/lib/system/libsystem_notify.dylib
0x0000000057294000 	/usr/lib/system/libsystem_platform.dylib
0x0000000057294000 	/usr/lib/system/libsystem_pthread.dylib
0x0000000057294000 	/usr/lib/system/libsystem_sandbox.dylib
0x0000000057294000 	/usr/lib/system/libsystem_secinit.dylib
0x0000000057294000 	/usr/lib/system/libsystem_symptoms.dylib
0x0000000057294000 	/usr/lib/system/libsystem_trace.dylib
0x0000000057294000 	/usr/lib/system/libunwind.dylib
0x0000000057294000 	/usr/lib/system/libxpc.dylib
0x0000000057294000 	/usr/lib/libbsm.0.dylib
0x0000000057294000 	/usr/lib/system/libkxld.dylib
0x0000000057294000 	/usr/lib/libcoretls.dylib
0x0000000057294000 	/usr/lib/libcoretls_cfhelpers.dylib
0x0000000057294000 	/usr/lib/libOpenScriptingUtil.dylib
0x0000000057294000 	/usr/lib/libpam.2.dylib
0x0000000057294000 	/usr/lib/libsqlite3.dylib
0x0000000057294000 	/usr/lib/libxar.1.dylib
0x0000000057294000 	/usr/lib/libbz2.1.0.dylib
0x0000000057294000 	/usr/lib/liblzma.5.dylib
0x0000000057294000 	/usr/lib/libnetwork.dylib
0x0000000057294000 	/usr/lib/libpcap.A.dylib
0x0000000057294000 	/System/Library/Frameworks/CoreServices.framework/Versions/A/Frameworks/FSEvents.framework/Versions/A/FSEvents
0x0000000057294000 	/System/Library/Frameworks/CoreServices.framework/Versions/A/Frameworks/CarbonCore.framework/Versions/A/CarbonCore
0x0000000057294000 	/System/Library/Frameworks/CoreServices.framework/Versions/A/Frameworks/Metadata.framework/Versions/A/Metadata
0x0000000057294000 	/System/Library/Frameworks/CoreServices.framework/Versions/A/Frameworks/OSServices.framework/Versions/A/OSServices
0x0000000057294000 	/System/Library/Frameworks/CoreServices.framework/Versions/A/Frameworks/SearchKit.framework/Versions/A/SearchKit
0x0000000057294000 	/System/Library/Frameworks/CoreServices.framework/Versions/A/Frameworks/AE.framework/Versions/A/AE
0x0000000057294000 	/System/Library/Frameworks/CoreServices.framework/Versions/A/Frameworks/LaunchServices.framework/Versions/A/LaunchServices
0x0000000057294000 	/System/Library/Frameworks/CoreServices.framework/Versions/A/Frameworks/DictionaryServices.framework/Versions/A/DictionaryServices
0x0000000057294000 	/System/Library/Frameworks/CoreServices.framework/Versions/A/Frameworks/SharedFileList.framework/Versions/A/SharedFileList
0x0000000057294000 	/System/Library/Frameworks/NetFS.framework/Versions/A/NetFS
0x0000000057294000 	/System/Library/PrivateFrameworks/NetAuth.framework/Versions/A/NetAuth
0x0000000057294000 	/System/Library/PrivateFrameworks/login.framework/Versions/A/Frameworks/loginsupport.framework/Versions/A/loginsupport
0x0000000057294000 	/System/Library/PrivateFrameworks/TCC.framework/Versions/A/TCC
0x0000000057294000 	/usr/lib/libmecabra.dylib
0x0000000057294000 	/System/Library/Frameworks/ApplicationServices.framework/Versions/A/Frameworks/ATS.framework/Versions/A/ATS
0x0000000057294000 	/System/Library/Frameworks/ApplicationServices.framework/Versions/A/Frameworks/ColorSync.framework/Versions/A/ColorSync
0x0000000057294000 	/System/Library/Frameworks/ApplicationServices.framework/Versions/A/Frameworks/HIServices.framework/Versions/A/HIServices
0x0000000057294000 	/System/Library/Frameworks/ApplicationServices.framework/Versions/A/Frameworks/LangAnalysis.framework/Versions/A/LangAnalysis
0x0000000057294000 	/System/Library/Frameworks/ApplicationServices.framework/Versions/A/Frameworks/PrintCore.framework/Versions/A/PrintCore
0x0000000057294000 	/System/Library/Frameworks/ApplicationServices.framework/Versions/A/Frameworks/QD.framework/Versions/A/QD
0x0000000057294000 	/System/Library/Frameworks/ApplicationServices.framework/Versions/A/Frameworks/SpeechSynthesis.framework/Versions/A/SpeechSynthesis
0x0000000057294000 	/System/Library/Frameworks/Accelerate.framework/Versions/A/Frameworks/vImage.framework/Versions/A/vImage
0x0000000057294000 	/System/Library/Frameworks/Accelerate.framework/Versions/A/Frameworks/vecLib.framework/Versions/A/vecLib
0x0000000057294000 	/System/Library/Frameworks/Accelerate.framework/Versions/A/Frameworks/vecLib.framework/Versions/A/libvDSP.dylib
0x0000000057294000 	/System/Library/Frameworks/Accelerate.framework/Versions/A/Frameworks/vecLib.framework/Versions/A/libBNNS.dylib
0x0000000057294000 	/System/Library/Frameworks/Accelerate.framework/Versions/A/Frameworks/vecLib.framework/Versions/A/libQuadrature.dylib
0x0000000057294000 	/System/Library/Frameworks/Accelerate.framework/Versions/A/Frameworks/vecLib.framework/Versions/A/libvMisc.dylib
0x0000000057294000 	/System/Library/Frameworks/Accelerate.framework/Versions/A/Frameworks/vecLib.framework/Versions/A/libLAPACK.dylib
0x0000000057294000 	/System/Library/Frameworks/Accelerate.framework/Versions/A/Frameworks/vecLib.framework/Versions/A/libBLAS.dylib
0x0000000057294000 	/System/Library/Frameworks/Accelerate.framework/Versions/A/Frameworks/vecLib.framework/Versions/A/libLinearAlgebra.dylib
0x0000000057294000 	/System/Library/Frameworks/Accelerate.framework/Versions/A/Frameworks/vecLib.framework/Versions/A/libSparseBLAS.dylib
0x0000000057294000 	/System/Library/Frameworks/ApplicationServices.framework/Versions/A/Frameworks/ATS.framework/Versions/A/Resources/libFontParser.dylib
0x0000000057294000 	/System/Library/Frameworks/ApplicationServices.framework/Versions/A/Frameworks/ATS.framework/Versions/A/Resources/libFontRegistry.dylib
0x0000000057294000 	/System/Library/Frameworks/ImageIO.framework/Versions/A/Resources/libJPEG.dylib
0x0000000057294000 	/System/Library/Frameworks/ImageIO.framework/Versions/A/Resources/libTIFF.dylib
0x0000000057294000 	/System/Library/Frameworks/ImageIO.framework/Versions/A/Resources/libPng.dylib
0x0000000057294000 	/System/Library/Frameworks/ImageIO.framework/Versions/A/Resources/libGIF.dylib
0x0000000057294000 	/System/Library/Frameworks/ImageIO.framework/Versions/A/Resources/libJP2.dylib
0x0000000057294000 	/System/Library/Frameworks/ImageIO.framework/Versions/A/Resources/libRadiance.dylib
0x0000000057294000 	/usr/lib/libcompression.dylib
0x0000000057294000 	/System/Library/PrivateFrameworks/AppleJPEG.framework/Versions/A/AppleJPEG
0x0000000057294000 	/usr/lib/libcups.2.dylib
0x0000000057294000 	/System/Library/Frameworks/Kerberos.framework/Versions/A/Kerberos
0x0000000057294000 	/System/Library/Frameworks/GSS.framework/Versions/A/GSS
0x0000000057294000 	/usr/lib/libresolv.9.dylib
0x0000000057294000 	/usr/lib/libiconv.2.dylib
0x0000000057294000 	/System/Library/PrivateFrameworks/Heimdal.framework/Versions/A/Heimdal
0x0000000057294000 	/usr/lib/libheimdal-asn1.dylib
0x0000000057294000 	/System/Library/Frameworks/OpenDirectory.framework/Versions/A/OpenDirectory
0x0000000057294000 	/System/Library/PrivateFrameworks/CommonAuth.framework/Versions/A/CommonAuth
0x0000000057294000 	/System/Library/Frameworks/OpenDirectory.framework/Versions/A/Frameworks/CFOpenDirectory.framework/Versions/A/CFOpenDirectory
0x0000000057294000 	/System/Library/Frameworks/SecurityFoundation.framework/Versions/A/SecurityFoundation
0x0000000057294000 	/System/Library/PrivateFrameworks/LanguageModeling.framework/Versions/A/LanguageModeling
0x0000000057294000 	/usr/lib/libmarisa.dylib
0x0000000057294000 	/usr/lib/libChineseTokenizer.dylib
0x0000000057294000 	/usr/lib/libcmph.dylib
0x0000000057294000 	/System/Library/PrivateFrameworks/CoreEmoji.framework/Versions/A/CoreEmoji
0x0000000057294000 	/System/Library/Frameworks/ServiceManagement.framework/Versions/A/ServiceManagement
0x0000000057294000 	/usr/lib/libxslt.1.dylib
0x0000000057294000 	/System/Library/Frameworks/Carbon.framework/Versions/A/Frameworks/Ink.framework/Versions/A/Ink
0x0000000057294000 	/System/Library/PrivateFrameworks/TextureIO.framework/Versions/A/TextureIO
0x0000000057294000 	/System/Library/Frameworks/Metal.framework/Versions/A/Metal
0x0000000057294000 	/usr/lib/libate.dylib
0x0000000057294000 	/System/Library/PrivateFrameworks/GPUCompiler.framework/libmetal_timestamp.dylib
0x0000000057294000 	/System/Library/Frameworks/OpenGL.framework/Versions/A/Libraries/libCoreFSCache.dylib
0x0000000057294000 	/System/Library/PrivateFrameworks/IOAccelerator.framework/Versions/A/IOAccelerator
0x0000000057294000 	/System/Library/Frameworks/CoreVideo.framework/Versions/A/CoreVideo
0x0000000057294000 	/usr/lib/libFosl_dynamic.dylib
0x0000000057294000 	/System/Library/PrivateFrameworks/MetalPerformanceShaders.framework/Versions/A/MetalPerformanceShaders
0x0000000057294000 	/System/Library/PrivateFrameworks/FaceCore.framework/Versions/A/FaceCore
0x0000000057294000 	/System/Library/Frameworks/OpenCL.framework/Versions/A/OpenCL
0x0000000057294000 	/System/Library/Frameworks/OpenGL.framework/Versions/A/Libraries/libGLU.dylib
0x0000000057294000 	/System/Library/Frameworks/OpenGL.framework/Versions/A/Libraries/libGFXShared.dylib
0x0000000057294000 	/System/Library/Frameworks/OpenGL.framework/Versions/A/Libraries/libGL.dylib
0x0000000057294000 	/System/Library/Frameworks/OpenGL.framework/Versions/A/Libraries/libGLImage.dylib
0x0000000057294000 	/System/Library/Frameworks/OpenGL.framework/Versions/A/Libraries/libCVMSPluginSupport.dylib
0x0000000057294000 	/System/Library/Frameworks/OpenGL.framework/Versions/A/Libraries/libCoreVMClient.dylib
0x0000000057294000 	/System/Library/PrivateFrameworks/CrashReporterSupport.framework/Versions/A/CrashReporterSupport
0x0000000057294000 	/System/Library/PrivateFrameworks/Sharing.framework/Versions/A/Sharing
0x0000000057294000 	/System/Library/PrivateFrameworks/IconServices.framework/Versions/A/IconServices
0x0000000057294000 	/System/Library/PrivateFrameworks/ProtocolBuffer.framework/Versions/A/ProtocolBuffer
0x0000000057294000 	/System/Library/PrivateFrameworks/Apple80211.framework/Versions/A/Apple80211
0x0000000057294000 	/System/Library/Frameworks/CoreWLAN.framework/Versions/A/CoreWLAN
0x0000000057294000 	/System/Library/PrivateFrameworks/CoreUtils.framework/Versions/A/CoreUtils
0x0000000057294000 	/System/Library/Frameworks/IOBluetooth.framework/Versions/A/IOBluetooth
0x0000000057294000 	/System/Library/PrivateFrameworks/CoreWiFi.framework/Versions/A/CoreWiFi
0x0000000057294000 	/System/Library/Frameworks/CoreBluetooth.framework/Versions/A/CoreBluetooth
0x0000000057294000 	/System/Library/Frameworks/CoreDisplay.framework/Versions/A/CoreDisplay
0x0000000057294000 	/System/Library/PrivateFrameworks/IOPresentment.framework/Versions/A/IOPresentment
0x0000000057294000 	/System/Library/PrivateFrameworks/DSExternalDisplay.framework/Versions/A/DSExternalDisplay
0x0000000057294000 	/System/Library/PrivateFrameworks/DebugSymbols.framework/Versions/A/DebugSymbols
0x0000000057294000 	/System/Library/PrivateFrameworks/CoreSymbolication.framework/Versions/A/CoreSymbolication
0x0000000057294000 	/System/Library/PrivateFrameworks/Symbolication.framework/Versions/A/Symbolication
0x0000000057294000 	/System/Library/PrivateFrameworks/AppleFSCompression.framework/Versions/A/AppleFSCompression
0x0000000057294000 	/System/Library/PrivateFrameworks/SpeechRecognitionCore.framework/Versions/A/SpeechRecognitionCore
0x0000000057294000 	/System/Library/PrivateFrameworks/ChunkingLibrary.framework/Versions/A/ChunkingLibrary
0x0000000103000000 	/Library/Java/JavaVirtualMachines/jdk1.8.0_66.jdk/Contents/Home/jre/lib/server/libjvm.dylib
0x00000001026db000 	/usr/lib/libstdc++.6.dylib
0x0000000102794000 	/Library/Java/JavaVirtualMachines/jdk1.8.0_66.jdk/Contents/Home/jre/lib/libverify.dylib
0x00000001027a2000 	/Library/Java/JavaVirtualMachines/jdk1.8.0_66.jdk/Contents/Home/jre/lib/libjava.dylib
0x00000001027e1000 	/Library/Java/JavaVirtualMachines/jdk1.8.0_66.jdk/Contents/Home/jre/lib/libzip.dylib
0x0000000107783000 	/System/Library/Frameworks/JavaVM.framework/Frameworks/JavaRuntimeSupport.framework/JavaRuntimeSupport
0x000000010779d000 	/System/Library/Frameworks/JavaVM.framework/Versions/A/Frameworks/JavaNativeFoundation.framework/Versions/A/JavaNativeFoundation
0x00000001077b2000 	/System/Library/Frameworks/JavaVM.framework/Versions/A/JavaVM
0x0000000057294000 	/System/Library/Frameworks/Carbon.framework/Versions/A/Carbon
0x00000001077bf000 	/System/Library/PrivateFrameworks/JavaLaunching.framework/Versions/A/JavaLaunching
0x0000000057294000 	/System/Library/Frameworks/Carbon.framework/Versions/A/Frameworks/CommonPanels.framework/Versions/A/CommonPanels
0x0000000057294000 	/System/Library/Frameworks/Carbon.framework/Versions/A/Frameworks/Help.framework/Versions/A/Help
0x0000000057294000 	/System/Library/Frameworks/Carbon.framework/Versions/A/Frameworks/ImageCapture.framework/Versions/A/ImageCapture
0x0000000057294000 	/System/Library/Frameworks/Carbon.framework/Versions/A/Frameworks/OpenScripting.framework/Versions/A/OpenScripting
0x0000000057294000 	/System/Library/Frameworks/Carbon.framework/Versions/A/Frameworks/Print.framework/Versions/A/Print
0x0000000057294000 	/System/Library/Frameworks/Carbon.framework/Versions/A/Frameworks/SecurityHI.framework/Versions/A/SecurityHI
0x0000000111b81000 	/Library/Java/JavaVirtualMachines/jdk1.8.0_66.jdk/Contents/Home/jre/lib/libnet.dylib
0x0000000111be0000 	/Library/Java/JavaVirtualMachines/jdk1.8.0_66.jdk/Contents/Home/jre/lib/libnio.dylib
0x0000000114902000 	/Library/Java/JavaVirtualMachines/jdk1.8.0_66.jdk/Contents/Home/jre/lib/libmanagement.dylib
0x0000000114910000 	/Users/snc/scala/walnuts/server/target/native_libraries/64bits/libjnotify.jnilib
0x0000000111e50000 	/private/var/folders/ng/7wmm3t2s25b1q72874yhk_hc0000gp/T/jna-114024/jna8759639184495244169.tmp
0x0000000119a74000 	/usr/local/lib/libsass.dylib

VM Arguments:
jvm_args: -Xms1024m -Xmx1024m -XX:ReservedCodeCacheSize=128m -XX:MaxMetaspaceSize=256m 
java_command: /usr/local/Cellar/sbt/0.13.15/libexec/bin/sbt-launch.jar
java_class_path (initial): /usr/local/Cellar/sbt/0.13.15/libexec/bin/sbt-launch.jar
Launcher Type: SUN_STANDARD

Environment Variables:
PATH=/Users/snc/bin:/Users/snc/Library/Haskell/bin:/usr/local/bin:/usr/bin:/bin:/usr/sbin:/sbin:/opt/X11/bin
SHELL=/bin/bash
DISPLAY=/private/tmp/com.apple.launchd.1QJwdjsq6y/org.macosforge.xquartz:0

Signal Handlers:
SIGSEGV: [libjvm.dylib+0x5a65d5], sa_mask[0]=11111111011111110111111111111111, sa_flags=SA_ONSTACK|SA_RESTART|SA_SIGINFO
SIGBUS: [libjvm.dylib+0x5a65d5], sa_mask[0]=11111111011111110111111111111111, sa_flags=SA_RESTART|SA_SIGINFO
SIGFPE: [libjvm.dylib+0x4802e8], sa_mask[0]=11111111011111110111111111111111, sa_flags=SA_RESTART|SA_SIGINFO
SIGPIPE: [libjvm.dylib+0x4802e8], sa_mask[0]=11111111011111110111111111111111, sa_flags=SA_RESTART|SA_SIGINFO
SIGXFSZ: [libjvm.dylib+0x4802e8], sa_mask[0]=11111111011111110111111111111111, sa_flags=SA_RESTART|SA_SIGINFO
SIGILL: [libjvm.dylib+0x4802e8], sa_mask[0]=11111111011111110111111111111111, sa_flags=SA_RESTART|SA_SIGINFO
SIGUSR1: SIG_DFL, sa_mask[0]=11011111011111100000000111000110, sa_flags=none
SIGUSR2: [libjvm.dylib+0x47fe06], sa_mask[0]=00000000000000000000000000000000, sa_flags=SA_RESTART|SA_SIGINFO
SIGHUP: [libjvm.dylib+0x47e3dd], sa_mask[0]=11111111011111110111111111111111, sa_flags=SA_RESTART|SA_SIGINFO
SIGINT: [libjvm.dylib+0x47e3dd], sa_mask[0]=11111111011111110111111111111111, sa_flags=SA_RESTART|SA_SIGINFO
SIGTERM: [libjvm.dylib+0x47e3dd], sa_mask[0]=11111111011111110111111111111111, sa_flags=SA_RESTART|SA_SIGINFO
SIGQUIT: [libjvm.dylib+0x47e3dd], sa_mask[0]=11111111011111110111111111111111, sa_flags=SA_RESTART|SA_SIGINFO


---------------  S Y S T E M  ---------------

OS:Bsduname:Darwin 16.5.0 Darwin Kernel Version 16.5.0: Fri Mar  3 16:52:33 PST 2017; root:xnu-3789.51.2~3/RELEASE_X86_64 x86_64
rlimit: STACK 8192k, CORE 0k, NPROC 709, NOFILE 10240, AS infinity
load average:6,23 4,58 3,98

CPU:total 4 (2 cores per cpu, 2 threads per core) family 6 model 69 stepping 1, cmov, cx8, fxsr, mmx, sse, sse2, sse3, ssse3, sse4.1, sse4.2, popcnt, avx, avx2, aes, clmul, erms, lzcnt, ht, tsc, tscinvbit, bmi1, bmi2

Memory: 4k page, physical 16777216k(1396352k free)

/proc/meminfo:


vm_info: Java HotSpot(TM) 64-Bit Server VM (25.66-b17) for bsd-amd64 JRE (1.8.0_66-b17), built on Oct  6 2015 16:09:13 by "java_re" with gcc 4.2.1 (Based on Apple Inc. build 5658) (LLVM build 2336.11.00)

time: Thu May  4 23:21:13 2017
elapsed time: 250 seconds (0d 0h 4m 10s)

