#
# A fatal error has been detected by the Java Runtime Environment:
#
#  SIGSEGV (0xb) at pc=0x000000011fe8e656, pid=77060, tid=37227
#
# JRE version: Java(TM) SE Runtime Environment (8.0_66-b17) (build 1.8.0_66-b17)
# Java VM: Java HotSpot(TM) 64-Bit Server VM (25.66-b17 mixed mode bsd-amd64 compressed oops)
# Problematic frame:
# C  [libsass.dylib+0xe2656]  sass_option_get_include_path+0x10
#
# Failed to write core dump. Core dumps have been disabled. To enable core dumping, try "ulimit -c unlimited" before starting Java again
#
# If you would like to submit a bug report, please visit:
#   http://bugreport.java.com/bugreport/crash.jsp
# The crash happened outside the Java Virtual Machine in native code.
# See problematic frame for where to report the bug.
#

---------------  T H R E A D  ---------------

Current thread (0x00007fe0020a2000):  JavaThread "pool-44-thread-5" [_thread_in_native, id=37227, stack(0x000070001203e000,0x000070001213e000)]

siginfo: si_signo: 11 (SIGSEGV), si_code: 1 (SEGV_MAPERR), si_addr: 0x0000000000000000

Registers:
RAX=0x0000000000000000, RBX=0x000070001213c948, RCX=0x0000000780019bd0, RDX=0x0000000000000000
RSP=0x000070001213bf30, RBP=0x000070001213bf30, RSI=0x000000010a723b33, RDI=0x00007fe009144040
R8 =0x00000007aeeb00d0, R9 =0x000000010000001c, R10=0x000070001213be90, R11=0x000000011fe8e646
R12=0x0000000000000001, R13=0x0000000000000001, R14=0x0000000118dd4654, R15=0xec3f94b273000024
RIP=0x000000011fe8e656, EFLAGS=0x0000000000010206, ERR=0x0000000000000004
  TRAPNO=0x000000000000000e

Top of Stack: (sp=0x000070001213bf30)
0x000070001213bf30:   000070001213bf40 0000000118dd5134
0x000070001213bf40:   000000000000000e 000070001213c948
0x000070001213bf50:   000070001213c010 0000000118dd462d
0x000070001213bf60:   0000000000000000 000070001213c060
0x000070001213bf70:   000070001213c0f0 000070001213c948
0x000070001213bf80:   000070001213c0d8 000000011fe8e646
0x000070001213bf90:   000070001213bec0 000070001213be90
0x000070001213bfa0:   000000011213c010 0000000000000000
0x000070001213bfb0:   000070001213c030 0000000100000001
0x000070001213bfc0:   000070001213c020 000070001213bf40
0x000070001213bfd0:   0000000000000001 00007fe008964a30
0x000070001213bfe0:   ec3f94b273000024 0000000000000000
0x000070001213bff0:   000000011fe8e646 ec3f94b273000024
0x000070001213c000:   000070001213c040 00007fe0020a21f8
0x000070001213c010:   000070001213c930 0000000118dca3aa
0x000070001213c020:   000070001213c060 00007fe0020a21f8
0x000070001213c030:   0000000118dd5778 00000001092629e9
0x000070001213c040:   00007fe0020a2000 000000011fe8e646
0x000070001213c050:   000070001213c948 00007fe0020a21f8
0x000070001213c060:   00007fe009144040 0000000118dc9bc9
0x000070001213c070:   00007fe008ce88e8 0000000109f126a0
0x000070001213c080:   010070001213c210 000070001213c948
0x000070001213c090:   000000011fe8e646 00000000020a2000
0x000070001213c0a0:   0000000118dd5778 000070001213c020
0x000070001213c0b0:   000070001213c030 000070001213c9e8
0x000070001213c0c0:   0000000108ce89b8 0000000000000000
0x000070001213c0d0:   0000000000000000 0000000100000002
0x000070001213c0e0:   000070001213c030 0000000118dd5778
0x000070001213c0f0:   0000000e00000000 000000001213c970
0x000070001213c100:   0000000109ee2928 000070001213c9c8
0x000070001213c110:   000070001213c470 0000000000000000
0x000070001213c120:   0000000000000000 0000000114428528 

Instructions: (pc=0x000000011fe8e656)
0x000000011fe8e636:   c0 eb 06 48 ff c0 48 8b 09 48 85 c9 75 f5 5d c3
0x000000011fe8e646:   55 48 89 e5 48 8b 47 40 48 85 f6 74 08 48 ff ce
0x000000011fe8e656:   48 8b 00 75 f8 48 8b 40 08 5d c3 55 48 89 e5 41
0x000000011fe8e666:   57 41 56 53 50 49 89 f7 49 89 fe bf 01 00 00 00 

Register to memory mapping:

RAX=0x0000000000000000 is an unknown value
RBX=0x000070001213c948 is pointing into the stack for thread: 0x00007fe0020a2000
RCX=0x0000000780019bd0 is an oop
java.lang.String 
 - klass: 'java/lang/String'
RDX=0x0000000000000000 is an unknown value
RSP=0x000070001213bf30 is pointing into the stack for thread: 0x00007fe0020a2000
RBP=0x000070001213bf30 is pointing into the stack for thread: 0x00007fe0020a2000
RSI=0x000000010a723b33 is at entry_point+307 in (nmethod*)0x000000010a723790
RDI=0x00007fe009144040 is an unknown value
R8 =0x00000007aeeb00d0 is an oop
java.lang.StringCoding$StringEncoder 
 - klass: 'java/lang/StringCoding$StringEncoder'
R9 =0x000000010000001c is an unknown value
R10=0x000070001213be90 is pointing into the stack for thread: 0x00007fe0020a2000
R11=0x000000011fe8e646: sass_option_get_include_path+0 in /usr/local/lib/libsass.dylib at 0x000000011fdac000
R12=0x0000000000000001 is an unknown value
R13=0x0000000000000001 is an unknown value
R14=0x0000000118dd4654: ffi_call+0x3f4 in /private/var/folders/ng/7wmm3t2s25b1q72874yhk_hc0000gp/T/jna-114024/jna3631606663048218613.tmp at 0x0000000118dc7000
R15=0xec3f94b273000024 is an unknown value


Stack: [0x000070001203e000,0x000070001213e000],  sp=0x000070001213bf30,  free space=1015k
Native frames: (J=compiled Java code, j=interpreted, Vv=VM code, C=native code)
C  [libsass.dylib+0xe2656]  sass_option_get_include_path+0x10
C  [jna3631606663048218613.tmp+0xe134]  ffi_call_unix64+0x4c
C  0x000070001213c948

Java frames: (J=compiled Java code, j=interpreted, Vv=VM code)
j  com.sun.jna.Native.invokePointer(JI[Ljava/lang/Object;)J+0
j  com.sun.jna.Function.invokePointer(I[Ljava/lang/Object;)Lcom/sun/jna/Pointer;+6
j  com.sun.jna.Function.invokeString(I[Ljava/lang/Object;Z)Ljava/lang/String;+3
j  com.sun.jna.Function.invoke([Ljava/lang/Object;Ljava/lang/Class;Z)Ljava/lang/Object;+354
j  com.sun.jna.Function.invoke(Ljava/lang/reflect/Method;[Ljava/lang/Class;Ljava/lang/Class;[Ljava/lang/Object;Ljava/util/Map;)Ljava/lang/Object;+249
j  com.sun.jna.Library$Handler.invoke(Ljava/lang/Object;Ljava/lang/reflect/Method;[Ljava/lang/Object;)Ljava/lang/Object;+348
j  com.sun.proxy.$Proxy6.sass_option_get_include_path(Lorg/irundaia/sass/jna/SassLibrary$Sass_Options;)Ljava/lang/String;+16
j  org.irundaia.sass.Options.includePaths()Lscala/collection/Iterable;+10
j  org.irundaia.sass.CompilerSettings.applySettings(Ljava/nio/file/Path;Lorg/irundaia/sass/Options;)V+149
j  org.irundaia.sass.SassCompiler$.doCompile(Ljava/nio/file/Path;Lorg/irundaia/sass/CompilerSettings;)Lscala/util/Either;+14
j  org.irundaia.sass.SassCompiler$.compile(Ljava/nio/file/Path;Ljava/nio/file/Path;Ljava/nio/file/Path;Lorg/irundaia/sass/CompilerSettings;)Lscala/util/Either;+41
j  org.irundaia.sbt.sass.SbtSassify$$anonfun$6$$anonfun$8$$anonfun$9.apply(Ljava/io/File;)Lscala/Tuple2;+110
j  org.irundaia.sbt.sass.SbtSassify$$anonfun$6$$anonfun$8$$anonfun$9.apply(Ljava/lang/Object;)Ljava/lang/Object;+5
J 2739 C2 scala.collection.TraversableLike$$anonfun$map$1.apply(Ljava/lang/Object;)Ljava/lang/Object; (6 bytes) @ 0x000000010a61222c [0x000000010a6121e0+0x4c]
J 8466 C2 scala.collection.mutable.ResizableArray$class.foreach(Lscala/collection/mutable/ResizableArray;Lscala/Function1;)V (37 bytes) @ 0x000000010b2075d4 [0x000000010b207560+0x74]
J 22460 C1 scala.collection.mutable.ArrayBuffer.foreach(Lscala/Function1;)V (6 bytes) @ 0x000000010c14fcfc [0x000000010c14fc80+0x7c]
J 3114 C2 scala.collection.AbstractTraversable.map(Lscala/Function1;Lscala/collection/generic/CanBuildFrom;)Ljava/lang/Object; (7 bytes) @ 0x000000010a693e68 [0x000000010a693d40+0x128]
j  org.irundaia.sbt.sass.SbtSassify$$anonfun$6$$anonfun$8.apply(Lscala/collection/Seq;)Lscala/Tuple2;+51
j  org.irundaia.sbt.sass.SbtSassify$$anonfun$6$$anonfun$8.apply(Ljava/lang/Object;)Ljava/lang/Object;+5
j  com.typesafe.sbt.web.incremental.package$.syncIncremental(Ljava/io/File;Lscala/collection/Seq;Lscala/Function1;Lcom/typesafe/sbt/web/incremental/OpInputHasher;)Lscala/Tuple2;+96
j  org.irundaia.sbt.sass.SbtSassify$$anonfun$6.apply(Lsbt/KCons;)Lscala/collection/Seq;+415
j  org.irundaia.sbt.sass.SbtSassify$$anonfun$6.apply(Ljava/lang/Object;)Ljava/lang/Object;+5
J 8785 C2 scala.Function1$$anonfun$compose$1.apply(Ljava/lang/Object;)Ljava/lang/Object; (20 bytes) @ 0x000000010ab74048 [0x000000010ab73fe0+0x68]
J 9898 C1 sbt.$tilde$greater$$anonfun$$u2219$1.apply(Ljava/lang/Object;)Ljava/lang/Object; (27 bytes) @ 0x000000010a1ccd04 [0x000000010a1ccbe0+0x124]
J 10128 C1 sbt.std.Transform$$anon$4.work(Ljava/lang/Object;)Lscala/util/Either; (14 bytes) @ 0x000000010a5cde0c [0x000000010a5cdd00+0x10c]
J 22659 C2 java.util.concurrent.FutureTask.run()V (126 bytes) @ 0x000000010d20c94c [0x000000010d20c060+0x8ec]
J 22597 C1 java.util.concurrent.ThreadPoolExecutor.runWorker(Ljava/util/concurrent/ThreadPoolExecutor$Worker;)V (225 bytes) @ 0x000000010a44b03c [0x000000010a44a080+0xfbc]
j  java.util.concurrent.ThreadPoolExecutor$Worker.run()V+5
j  java.lang.Thread.run()V+11
v  ~StubRoutines::call_stub

---------------  P R O C E S S  ---------------

Java Threads: ( => current thread )
  0x00007fe005bd1000 JavaThread "pool-44-thread-6" [_thread_blocked, id=38179, stack(0x0000700012141000,0x0000700012241000)]
=>0x00007fe0020a2000 JavaThread "pool-44-thread-5" [_thread_in_native, id=37227, stack(0x000070001203e000,0x000070001213e000)]
  0x00007fe006c00000 JavaThread "pool-44-thread-4" [_thread_blocked, id=22399, stack(0x0000700011f3b000,0x000070001203b000)]
  0x00007fe006828800 JavaThread "pool-44-thread-3" [_thread_blocked, id=38983, stack(0x0000700011e38000,0x0000700011f38000)]
  0x00007fe00781f800 JavaThread "pool-44-thread-2" [_thread_blocked, id=38535, stack(0x0000700011d35000,0x0000700011e35000)]
  0x00007fe00799f000 JavaThread "pool-44-thread-1" [_thread_blocked, id=37759, stack(0x0000700011c32000,0x0000700011d32000)]
  0x00007fe007860800 JavaThread "ForkJoinPool-1-worker-1" daemon [_thread_blocked, id=39803, stack(0x0000700011a2c000,0x0000700011b2c000)]
  0x00007fe005a7a800 JavaThread "netty-event-loop-3" [_thread_blocked, id=36151, stack(0x0000700010e08000,0x0000700010f08000)]
  0x00007fe002a77000 JavaThread "netty-event-loop-2" [_thread_in_native, id=36359, stack(0x0000700011b2f000,0x0000700011c2f000)]
  0x00007fe005e86000 JavaThread "play-dev-mode-akka.actor.default-dispatcher-3" [_thread_blocked, id=35331, stack(0x0000700011929000,0x0000700011a29000)]
  0x00007fe005e89000 JavaThread "play-dev-mode-akka.actor.default-dispatcher-2" [_thread_blocked, id=34819, stack(0x0000700011826000,0x0000700011926000)]
  0x00007fe006c0f800 JavaThread "play-dev-mode-scheduler-1" [_thread_blocked, id=34307, stack(0x0000700011723000,0x0000700011823000)]
  0x00007fe0081c7800 JavaThread "FSEvent thread" daemon [_thread_in_native, id=24323, stack(0x0000700011620000,0x0000700011720000)]
  0x00007fe002da2000 JavaThread "pool-8-thread-6" [_thread_blocked, id=23811, stack(0x000070001151d000,0x000070001161d000)]
  0x00007fe007c10800 JavaThread "pool-8-thread-5" [_thread_blocked, id=23563, stack(0x000070001141a000,0x000070001151a000)]
  0x00007fe007c10000 JavaThread "pool-8-thread-4" [_thread_blocked, id=20771, stack(0x0000700011317000,0x0000700011417000)]
  0x00007fe005dde800 JavaThread "pool-8-thread-3" [_thread_blocked, id=21539, stack(0x0000700011214000,0x0000700011314000)]
  0x00007fe005add800 JavaThread "pool-8-thread-2" [_thread_blocked, id=23307, stack(0x0000700011111000,0x0000700011211000)]
  0x00007fe005ca2800 JavaThread "pool-8-thread-1" [_thread_blocked, id=3855, stack(0x000070001100e000,0x000070001110e000)]
  0x00007fe005cf7800 JavaThread "sbt-web-akka.actor.default-dispatcher-4" [_thread_blocked, id=21271, stack(0x0000700010f0b000,0x000070001100b000)]
  0x00007fe006fb1800 JavaThread "sbt-web-akka.actor.default-dispatcher-2" [_thread_blocked, id=20503, stack(0x0000700010d05000,0x0000700010e05000)]
  0x00007fe008193000 JavaThread "sbt-web-scheduler-1" [_thread_blocked, id=22551, stack(0x0000700010c02000,0x0000700010d02000)]
  0x00007fe0028cf000 JavaThread "process reaper" daemon [_thread_blocked, id=19715, stack(0x0000700010bd7000,0x0000700010bff000)]
  0x00007fe002802800 JavaThread "Service Thread" daemon [_thread_blocked, id=18691, stack(0x00007000109d1000,0x0000700010ad1000)]
  0x00007fe00380a800 JavaThread "C1 CompilerThread2" daemon [_thread_blocked, id=18179, stack(0x00007000108ce000,0x00007000109ce000)]
  0x00007fe003803000 JavaThread "C2 CompilerThread1" daemon [_thread_in_native, id=17667, stack(0x00007000107cb000,0x00007000108cb000)]
  0x00007fe00208f800 JavaThread "C2 CompilerThread0" daemon [_thread_in_native, id=17155, stack(0x00007000106c8000,0x00007000107c8000)]
  0x00007fe00208f000 JavaThread "Signal Dispatcher" daemon [_thread_blocked, id=16643, stack(0x00007000105c5000,0x00007000106c5000)]
  0x00007fe003805000 JavaThread "Finalizer" daemon [_thread_blocked, id=12547, stack(0x00007000104c2000,0x00007000105c2000)]
  0x00007fe002800000 JavaThread "Reference Handler" daemon [_thread_blocked, id=12035, stack(0x00007000103bf000,0x00007000104bf000)]
  0x00007fe002008800 JavaThread "main" [_thread_blocked, id=7171, stack(0x000070000fdad000,0x000070000fead000)]

Other Threads:
  0x00007fe002045000 VMThread [stack: 0x00007000102bc000,0x00007000103bc000] [id=11523]
  0x00007fe003809000 WatcherThread [stack: 0x0000700010ad4000,0x0000700010bd4000] [id=19203]

VM state:not at safepoint (normal execution)

VM Mutex/Monitor currently owned by a thread: None

Heap:
 PSYoungGen      total 233984K, used 159648K [0x00000007aab00000, 0x00000007c0000000, 0x00000007c0000000)
  eden space 143360K, 48% used [0x00000007aab00000,0x00000007aeeca778,0x00000007b3700000)
  from space 90624K, 99% used [0x00000007b3700000,0x00000007b8f1da40,0x00000007b8f80000)
  to   space 114176K, 0% used [0x00000007b9080000,0x00000007b9080000,0x00000007c0000000)
 ParOldGen       total 699392K, used 130214K [0x0000000780000000, 0x00000007aab00000, 0x00000007aab00000)
  object space 699392K, 18% used [0x0000000780000000,0x0000000787f29800,0x00000007aab00000)
 Metaspace       used 127043K, capacity 127951K, committed 128240K, reserved 1155072K
  class space    used 21697K, capacity 21971K, committed 22056K, reserved 1048576K

Card table byte_map: [0x0000000111ecd000,0x00000001120ce000] byte_map_base: 0x000000010e2cd000

Marking Bits: (ParMarkBitMap*) 0x0000000109824e20
 Begin Bits: [0x0000000112224000, 0x0000000113224000)
 End Bits:   [0x0000000113224000, 0x0000000114224000)

Polling page: 0x0000000108381000

CodeCache: size=131072Kb used=59185Kb max_used=59185Kb free=71886Kb
 bounds [0x0000000109ecd000, 0x000000010d8ed000, 0x0000000111ecd000]
 total_blobs=21257 nmethods=20672 adapters=491
 compilation: enabled

Compilation events (10 events):
Event: 52,315 Thread 0x00007fe00380a800 25346       2       sun.misc.ProxyGenerator$ConstantPool::getFieldRef (33 bytes)
Event: 52,315 Thread 0x00007fe00380a800 nmethod 25346 0x000000010d8ea790 code [0x000000010d8ea980, 0x000000010d8eaf28]
Event: 52,315 Thread 0x00007fe00380a800 25337       1       sun.misc.ProxyGenerator::access$800 (5 bytes)
Event: 52,315 Thread 0x00007fe00380a800 nmethod 25337 0x000000010d8df690 code [0x000000010d8df7e0, 0x000000010d8df8d0]
Event: 52,322 Thread 0x00007fe00380a800 25348       2       java.lang.Class::privateGetMethodRecursive (130 bytes)
Event: 52,323 Thread 0x00007fe00380a800 nmethod 25348 0x000000010d8eb450 code [0x000000010d8eb620, 0x000000010d8eb9d8]
Event: 52,323 Thread 0x00007fe00380a800 25350       2       java.lang.Class::forName (15 bytes)
Event: 52,323 Thread 0x00007fe00380a800 nmethod 25350 0x000000010d8ebd90 code [0x000000010d8ebf00, 0x000000010d8ec098]
Event: 52,323 Thread 0x00007fe00380a800 25349       2       java.lang.Class::getMethod0 (40 bytes)
Event: 52,323 Thread 0x00007fe00380a800 nmethod 25349 0x000000010d8ec190 code [0x000000010d8ec320, 0x000000010d8ec598]

GC Heap History (10 events):
Event: 38,646 GC heap before
{Heap before GC invocations=24 (full 5):
 PSYoungGen      total 260608K, used 202393K [0x00000007aab00000, 0x00000007c0000000, 0x00000007c0000000)
  eden space 167936K, 100% used [0x00000007aab00000,0x00000007b4f00000,0x00000007b4f00000)
  from space 92672K, 37% used [0x00000007ba580000,0x00000007bc726720,0x00000007c0000000)
  to   space 88576K, 0% used [0x00000007b4f00000,0x00000007b4f00000,0x00000007ba580000)
 ParOldGen       total 699392K, used 113070K [0x0000000780000000, 0x00000007aab00000, 0x00000007aab00000)
  object space 699392K, 16% used [0x0000000780000000,0x0000000786e6b890,0x00000007aab00000)
 Metaspace       used 123450K, capacity 124237K, committed 124656K, reserved 1153024K
  class space    used 21430K, capacity 21714K, committed 21800K, reserved 1048576K
Event: 38,668 GC heap after
Heap after GC invocations=24 (full 5):
 PSYoungGen      total 256512K, used 26421K [0x00000007aab00000, 0x00000007c0000000, 0x00000007c0000000)
  eden space 167936K, 0% used [0x00000007aab00000,0x00000007aab00000,0x00000007b4f00000)
  from space 88576K, 29% used [0x00000007b4f00000,0x00000007b68cd500,0x00000007ba580000)
  to   space 84480K, 0% used [0x00000007bad80000,0x00000007bad80000,0x00000007c0000000)
 ParOldGen       total 699392K, used 113078K [0x0000000780000000, 0x00000007aab00000, 0x00000007aab00000)
  object space 699392K, 16% used [0x0000000780000000,0x0000000786e6d890,0x00000007aab00000)
 Metaspace       used 123450K, capacity 124237K, committed 124656K, reserved 1153024K
  class space    used 21430K, capacity 21714K, committed 21800K, reserved 1048576K
}
Event: 46,578 GC heap before
{Heap before GC invocations=25 (full 5):
 PSYoungGen      total 256512K, used 194357K [0x00000007aab00000, 0x00000007c0000000, 0x00000007c0000000)
  eden space 167936K, 100% used [0x00000007aab00000,0x00000007b4f00000,0x00000007b4f00000)
  from space 88576K, 29% used [0x00000007b4f00000,0x00000007b68cd500,0x00000007ba580000)
  to   space 84480K, 0% used [0x00000007bad80000,0x00000007bad80000,0x00000007c0000000)
 ParOldGen       total 699392K, used 113078K [0x0000000780000000, 0x00000007aab00000, 0x00000007aab00000)
  object space 699392K, 16% used [0x0000000780000000,0x0000000786e6d890,0x00000007aab00000)
 Metaspace       used 124501K, capacity 125327K, committed 125552K, reserved 1153024K
  class space    used 21572K, capacity 21843K, committed 21928K, reserved 1048576K
Event: 46,616 GC heap after
Heap after GC invocations=25 (full 5):
 PSYoungGen      total 268800K, used 36932K [0x00000007aab00000, 0x00000007c0000000, 0x00000007c0000000)
  eden space 184320K, 0% used [0x00000007aab00000,0x00000007aab00000,0x00000007b5f00000)
  from space 84480K, 43% used [0x00000007bad80000,0x00000007bd1910a8,0x00000007c0000000)
  to   space 80384K, 0% used [0x00000007b5f00000,0x00000007b5f00000,0x00000007bad80000)
 ParOldGen       total 699392K, used 113086K [0x0000000780000000, 0x00000007aab00000, 0x00000007aab00000)
  object space 699392K, 16% used [0x0000000780000000,0x0000000786e6f890,0x00000007aab00000)
 Metaspace       used 124501K, capacity 125327K, committed 125552K, reserved 1153024K
  class space    used 21572K, capacity 21843K, committed 21928K, reserved 1048576K
}
Event: 47,316 GC heap before
{Heap before GC invocations=26 (full 5):
 PSYoungGen      total 268800K, used 221252K [0x00000007aab00000, 0x00000007c0000000, 0x00000007c0000000)
  eden space 184320K, 100% used [0x00000007aab00000,0x00000007b5f00000,0x00000007b5f00000)
  from space 84480K, 43% used [0x00000007bad80000,0x00000007bd1910a8,0x00000007c0000000)
  to   space 80384K, 0% used [0x00000007b5f00000,0x00000007b5f00000,0x00000007bad80000)
 ParOldGen       total 699392K, used 113086K [0x0000000780000000, 0x00000007aab00000, 0x00000007aab00000)
  object space 699392K, 16% used [0x0000000780000000,0x0000000786e6f890,0x00000007aab00000)
 Metaspace       used 124704K, capacity 125583K, committed 125808K, reserved 1153024K
  class space    used 21573K, capacity 21843K, committed 21928K, reserved 1048576K
Event: 47,360 GC heap after
Heap after GC invocations=26 (full 5):
 PSYoungGen      total 247808K, used 63483K [0x00000007aab00000, 0x00000007c0000000, 0x00000007c0000000)
  eden space 184320K, 0% used [0x00000007aab00000,0x00000007aab00000,0x00000007b5f00000)
  from space 63488K, 99% used [0x00000007b5f00000,0x00000007b9cfed40,0x00000007b9d00000)
  to   space 86528K, 0% used [0x00000007bab80000,0x00000007bab80000,0x00000007c0000000)
 ParOldGen       total 699392K, used 113094K [0x0000000780000000, 0x00000007aab00000, 0x00000007aab00000)
  object space 699392K, 16% used [0x0000000780000000,0x0000000786e71890,0x00000007aab00000)
 Metaspace       used 124704K, capacity 125583K, committed 125808K, reserved 1153024K
  class space    used 21573K, capacity 21843K, committed 21928K, reserved 1048576K
}
Event: 50,041 GC heap before
{Heap before GC invocations=27 (full 5):
 PSYoungGen      total 247808K, used 247803K [0x00000007aab00000, 0x00000007c0000000, 0x00000007c0000000)
  eden space 184320K, 100% used [0x00000007aab00000,0x00000007b5f00000,0x00000007b5f00000)
  from space 63488K, 99% used [0x00000007b5f00000,0x00000007b9cfed40,0x00000007b9d00000)
  to   space 86528K, 0% used [0x00000007bab80000,0x00000007bab80000,0x00000007c0000000)
 ParOldGen       total 699392K, used 113094K [0x0000000780000000, 0x00000007aab00000, 0x00000007aab00000)
  object space 699392K, 16% used [0x0000000780000000,0x0000000786e71890,0x00000007aab00000)
 Metaspace       used 125464K, capacity 126415K, committed 126832K, reserved 1155072K
  class space    used 21576K, capacity 21843K, committed 21928K, reserved 1048576K
Event: 50,142 GC heap after
Heap after GC invocations=27 (full 5):
 PSYoungGen      total 229888K, used 86499K [0x00000007aab00000, 0x00000007c0000000, 0x00000007c0000000)
  eden space 143360K, 0% used [0x00000007aab00000,0x00000007aab00000,0x00000007b3700000)
  from space 86528K, 99% used [0x00000007bab80000,0x00000007bfff8fa0,0x00000007c0000000)
  to   space 102912K, 0% used [0x00000007b3700000,0x00000007b3700000,0x00000007b9b80000)
 ParOldGen       total 699392K, used 120519K [0x0000000780000000, 0x00000007aab00000, 0x00000007aab00000)
  object space 699392K, 17% used [0x0000000780000000,0x00000007875b1e28,0x00000007aab00000)
 Metaspace       used 125464K, capacity 126415K, committed 126832K, reserved 1155072K
  class space    used 21576K, capacity 21843K, committed 21928K, reserved 1048576K
}
Event: 51,797 GC heap before
{Heap before GC invocations=28 (full 5):
 PSYoungGen      total 229888K, used 229859K [0x00000007aab00000, 0x00000007c0000000, 0x00000007c0000000)
  eden space 143360K, 100% used [0x00000007aab00000,0x00000007b3700000,0x00000007b3700000)
  from space 86528K, 99% used [0x00000007bab80000,0x00000007bfff8fa0,0x00000007c0000000)
  to   space 102912K, 0% used [0x00000007b3700000,0x00000007b3700000,0x00000007b9b80000)
 ParOldGen       total 699392K, used 120519K [0x0000000780000000, 0x00000007aab00000, 0x00000007aab00000)
  object space 699392K, 17% used [0x0000000780000000,0x00000007875b1e28,0x00000007aab00000)
 Metaspace       used 125929K, capacity 126863K, committed 127088K, reserved 1155072K
  class space    used 21576K, capacity 21843K, committed 21928K, reserved 1048576K
Event: 51,875 GC heap after
Heap after GC invocations=28 (full 5):
 PSYoungGen      total 233984K, used 90230K [0x00000007aab00000, 0x00000007c0000000, 0x00000007c0000000)
  eden space 143360K, 0% used [0x00000007aab00000,0x00000007aab00000,0x00000007b3700000)
  from space 90624K, 99% used [0x00000007b3700000,0x00000007b8f1da40,0x00000007b8f80000)
  to   space 114176K, 0% used [0x00000007b9080000,0x00000007b9080000,0x00000007c0000000)
 ParOldGen       total 699392K, used 130214K [0x0000000780000000, 0x00000007aab00000, 0x00000007aab00000)
  object space 699392K, 18% used [0x0000000780000000,0x0000000787f29800,0x00000007aab00000)
 Metaspace       used 125929K, capacity 126863K, committed 127088K, reserved 1155072K
  class space    used 21576K, capacity 21843K, committed 21928K, reserved 1048576K
}

Deoptimization events (10 events):
Event: 52,213 Thread 0x00007fe0020a2000 Uncommon trap: reason=class_check action=maybe_recompile pc=0x000000010a0f80b0 method=sbt.FileFilter$$anonfun$$bar$bar$1.apply(Ljava/io/File;)Z @ 18
Event: 52,213 Thread 0x00007fe0020a2000 Uncommon trap: reason=class_check action=maybe_recompile pc=0x000000010a0f80b0 method=sbt.FileFilter$$anonfun$$bar$bar$1.apply(Ljava/io/File;)Z @ 18
Event: 52,213 Thread 0x00007fe0020a2000 Uncommon trap: reason=class_check action=maybe_recompile pc=0x000000010a0f80b0 method=sbt.FileFilter$$anonfun$$bar$bar$1.apply(Ljava/io/File;)Z @ 18
Event: 52,213 Thread 0x00007fe0020a2000 Uncommon trap: reason=class_check action=maybe_recompile pc=0x000000010a0f80b0 method=sbt.FileFilter$$anonfun$$bar$bar$1.apply(Ljava/io/File;)Z @ 18
Event: 52,275 Thread 0x00007fe0020a2000 Uncommon trap: reason=class_check action=maybe_recompile pc=0x000000010b071548 method=java.util.AbstractMap.toString()Ljava/lang/String; @ 1
Event: 52,275 Thread 0x00007fe0020a2000 Uncommon trap: reason=unstable_if action=reinterpret pc=0x000000010a46ec80 method=java.lang.StringCoding.encode(Ljava/lang/String;[CII)[B @ 38
Event: 52,295 Thread 0x00007fe0020a2000 Uncommon trap: reason=class_check action=maybe_recompile pc=0x000000010b071548 method=java.util.AbstractMap.toString()Ljava/lang/String; @ 1
Event: 52,295 Thread 0x00007fe0020a2000 Uncommon trap: reason=class_check action=maybe_recompile pc=0x000000010b071548 method=java.util.AbstractMap.toString()Ljava/lang/String; @ 1
Event: 52,295 Thread 0x00007fe0020a2000 Uncommon trap: reason=class_check action=maybe_recompile pc=0x000000010b071548 method=java.util.AbstractMap.toString()Ljava/lang/String; @ 1
Event: 52,295 Thread 0x00007fe0020a2000 Uncommon trap: reason=unstable_if action=reinterpret pc=0x000000010b3f8a78 method=java.lang.reflect.Proxy.isProxyClass(Ljava/lang/Class;)Z @ 16

Internal exceptions (10 events):
Event: 51,921 Thread 0x00007fe00799f000 Exception <a 'java/io/FileNotFoundException'> (0x00000007ab3964e0) thrown at [/HUDSON3/workspace/8-2-build-macosx-x86_64/jdk8u66/4988/hotspot/src/share/vm/prims/jni.cpp, line 709]
Event: 52,141 Thread 0x00007fe006c00000 Exception <a 'java/security/PrivilegedActionException'> (0x00000007adb73848) thrown at [/HUDSON3/workspace/8-2-build-macosx-x86_64/jdk8u66/4988/hotspot/src/share/vm/prims/jvm.cpp, line 1386]
Event: 52,141 Thread 0x00007fe006c00000 Exception <a 'java/security/PrivilegedActionException'> (0x00000007adb73c40) thrown at [/HUDSON3/workspace/8-2-build-macosx-x86_64/jdk8u66/4988/hotspot/src/share/vm/prims/jvm.cpp, line 1386]
Event: 52,152 Thread 0x00007fe006c00000 Exception <a 'java/security/PrivilegedActionException'> (0x00000007adddd368) thrown at [/HUDSON3/workspace/8-2-build-macosx-x86_64/jdk8u66/4988/hotspot/src/share/vm/prims/jvm.cpp, line 1386]
Event: 52,152 Thread 0x00007fe006c00000 Exception <a 'java/security/PrivilegedActionException'> (0x00000007adddd760) thrown at [/HUDSON3/workspace/8-2-build-macosx-x86_64/jdk8u66/4988/hotspot/src/share/vm/prims/jvm.cpp, line 1386]
Event: 52,153 Thread 0x00007fe0020a2000 Implicit null exception at 0x000000010d2098fc to 0x000000010d20a58d
Event: 52,222 Thread 0x00007fe0020a2000 Exception <a 'java/io/FileNotFoundException'> (0x00000007ae6acff8) thrown at [/HUDSON3/workspace/8-2-build-macosx-x86_64/jdk8u66/4988/hotspot/src/share/vm/prims/jni.cpp, line 709]
Event: 52,230 Thread 0x00007fe0020a2000 Exception <a 'sun/nio/fs/UnixException'> (0x00000007ae786ca0) thrown at [/HUDSON3/workspace/8-2-build-macosx-x86_64/jdk8u66/4988/hotspot/src/share/vm/prims/jni.cpp, line 709]
Event: 52,230 Thread 0x00007fe0020a2000 Exception <a 'sun/nio/fs/UnixException'> (0x00000007ae787988) thrown at [/HUDSON3/workspace/8-2-build-macosx-x86_64/jdk8u66/4988/hotspot/src/share/vm/prims/jni.cpp, line 709]
Event: 52,231 Thread 0x00007fe0020a2000 Exception <a 'sun/nio/fs/UnixException'> (0x00000007ae7882d0) thrown at [/HUDSON3/workspace/8-2-build-macosx-x86_64/jdk8u66/4988/hotspot/src/share/vm/prims/jni.cpp, line 709]

Events (10 events):
Event: 52,334 loading class com/sun/jna/TypeConverter
Event: 52,334 loading class com/sun/jna/TypeConverter done
Event: 52,336 loading class com/sun/jna/Function$PostCallRead
Event: 52,336 loading class com/sun/jna/Function$PostCallRead done
Event: 52,336 loading class org/irundaia/sass/Options$
Event: 52,336 loading class org/irundaia/sass/Options$ done
Event: 52,337 loading class org/irundaia/sass/Options
Event: 52,337 loading class org/irundaia/sass/Options done
Event: 52,339 loading class org/irundaia/sass/jna/SassLibrary$Sass_Output_Style
Event: 52,339 loading class org/irundaia/sass/jna/SassLibrary$Sass_Output_Style done


Dynamic libraries:
0x0000000057294000 	/System/Library/Frameworks/Cocoa.framework/Versions/A/Cocoa
0x0000000057294000 	/System/Library/Frameworks/Security.framework/Versions/A/Security
0x0000000057294000 	/System/Library/Frameworks/ApplicationServices.framework/Versions/A/ApplicationServices
0x0000000057294000 	/usr/lib/libz.1.dylib
0x0000000057294000 	/usr/lib/libSystem.B.dylib
0x0000000057294000 	/usr/lib/libobjc.A.dylib
0x0000000057294000 	/System/Library/Frameworks/CoreFoundation.framework/Versions/A/CoreFoundation
0x0000000057294000 	/System/Library/Frameworks/Foundation.framework/Versions/C/Foundation
0x0000000057294000 	/System/Library/Frameworks/AppKit.framework/Versions/C/AppKit
0x0000000057294000 	/System/Library/Frameworks/CoreData.framework/Versions/A/CoreData
0x0000000057294000 	/System/Library/PrivateFrameworks/RemoteViewServices.framework/Versions/A/RemoteViewServices
0x0000000057294000 	/System/Library/PrivateFrameworks/UIFoundation.framework/Versions/A/UIFoundation
0x0000000057294000 	/System/Library/PrivateFrameworks/DFRFoundation.framework/Versions/A/DFRFoundation
0x0000000057294000 	/usr/lib/libenergytrace.dylib
0x0000000057294000 	/System/Library/PrivateFrameworks/SkyLight.framework/Versions/A/SkyLight
0x0000000057294000 	/System/Library/Frameworks/CoreGraphics.framework/Versions/A/CoreGraphics
0x0000000057294000 	/usr/lib/libScreenReader.dylib
0x0000000057294000 	/System/Library/Frameworks/Accelerate.framework/Versions/A/Accelerate
0x0000000057294000 	/System/Library/Frameworks/IOSurface.framework/Versions/A/IOSurface
0x0000000057294000 	/System/Library/Frameworks/AudioToolbox.framework/Versions/A/AudioToolbox
0x0000000057294000 	/System/Library/Frameworks/AudioUnit.framework/Versions/A/AudioUnit
0x0000000057294000 	/System/Library/PrivateFrameworks/DataDetectorsCore.framework/Versions/A/DataDetectorsCore
0x0000000057294000 	/System/Library/PrivateFrameworks/DesktopServicesPriv.framework/Versions/A/DesktopServicesPriv
0x0000000057294000 	/System/Library/Frameworks/Carbon.framework/Versions/A/Frameworks/HIToolbox.framework/Versions/A/HIToolbox
0x0000000057294000 	/usr/lib/libicucore.A.dylib
0x0000000057294000 	/System/Library/Frameworks/QuartzCore.framework/Versions/A/QuartzCore
0x0000000057294000 	/System/Library/Frameworks/Carbon.framework/Versions/A/Frameworks/SpeechRecognition.framework/Versions/A/SpeechRecognition
0x0000000057294000 	/usr/lib/libauto.dylib
0x0000000057294000 	/usr/lib/libxml2.2.dylib
0x0000000057294000 	/System/Library/PrivateFrameworks/CoreUI.framework/Versions/A/CoreUI
0x0000000057294000 	/System/Library/Frameworks/CoreAudio.framework/Versions/A/CoreAudio
0x0000000057294000 	/System/Library/Frameworks/DiskArbitration.framework/Versions/A/DiskArbitration
0x0000000057294000 	/usr/lib/liblangid.dylib
0x0000000057294000 	/System/Library/PrivateFrameworks/MultitouchSupport.framework/Versions/A/MultitouchSupport
0x0000000057294000 	/System/Library/Frameworks/IOKit.framework/Versions/A/IOKit
0x0000000057294000 	/usr/lib/libDiagnosticMessagesClient.dylib
0x0000000057294000 	/System/Library/Frameworks/CoreServices.framework/Versions/A/CoreServices
0x0000000057294000 	/System/Library/PrivateFrameworks/PerformanceAnalysis.framework/Versions/A/PerformanceAnalysis
0x0000000057294000 	/System/Library/PrivateFrameworks/GenerationalStorage.framework/Versions/A/GenerationalStorage
0x0000000057294000 	/System/Library/Frameworks/OpenGL.framework/Versions/A/OpenGL
0x0000000057294000 	/System/Library/Frameworks/CoreImage.framework/Versions/A/CoreImage
0x0000000057294000 	/System/Library/Frameworks/CoreText.framework/Versions/A/CoreText
0x0000000057294000 	/System/Library/Frameworks/ImageIO.framework/Versions/A/ImageIO
0x0000000057294000 	/System/Library/PrivateFrameworks/Backup.framework/Versions/A/Backup
0x0000000057294000 	/usr/lib/libarchive.2.dylib
0x0000000057294000 	/System/Library/Frameworks/CFNetwork.framework/Versions/A/CFNetwork
0x0000000057294000 	/System/Library/Frameworks/SystemConfiguration.framework/Versions/A/SystemConfiguration
0x0000000057294000 	/usr/lib/libCRFSuite.dylib
0x0000000057294000 	/usr/lib/libc++.1.dylib
0x0000000057294000 	/usr/lib/libc++abi.dylib
0x0000000057294000 	/usr/lib/system/libcache.dylib
0x0000000057294000 	/usr/lib/system/libcommonCrypto.dylib
0x0000000057294000 	/usr/lib/system/libcompiler_rt.dylib
0x0000000057294000 	/usr/lib/system/libcopyfile.dylib
0x0000000057294000 	/usr/lib/system/libcorecrypto.dylib
0x0000000057294000 	/usr/lib/system/libdispatch.dylib
0x0000000057294000 	/usr/lib/system/libdyld.dylib
0x0000000057294000 	/usr/lib/system/libkeymgr.dylib
0x0000000057294000 	/usr/lib/system/liblaunch.dylib
0x0000000057294000 	/usr/lib/system/libmacho.dylib
0x0000000057294000 	/usr/lib/system/libquarantine.dylib
0x0000000057294000 	/usr/lib/system/libremovefile.dylib
0x0000000057294000 	/usr/lib/system/libsystem_asl.dylib
0x0000000057294000 	/usr/lib/system/libsystem_blocks.dylib
0x0000000057294000 	/usr/lib/system/libsystem_c.dylib
0x0000000057294000 	/usr/lib/system/libsystem_configuration.dylib
0x0000000057294000 	/usr/lib/system/libsystem_coreservices.dylib
0x0000000057294000 	/usr/lib/system/libsystem_coretls.dylib
0x0000000057294000 	/usr/lib/system/libsystem_dnssd.dylib
0x0000000057294000 	/usr/lib/system/libsystem_info.dylib
0x0000000057294000 	/usr/lib/system/libsystem_kernel.dylib
0x0000000057294000 	/usr/lib/system/libsystem_m.dylib
0x0000000057294000 	/usr/lib/system/libsystem_malloc.dylib
0x0000000057294000 	/usr/lib/system/libsystem_network.dylib
0x0000000057294000 	/usr/lib/system/libsystem_networkextension.dylib
0x0000000057294000 	/usr/lib/system/libsystem_notify.dylib
0x0000000057294000 	/usr/lib/system/libsystem_platform.dylib
0x0000000057294000 	/usr/lib/system/libsystem_pthread.dylib
0x0000000057294000 	/usr/lib/system/libsystem_sandbox.dylib
0x0000000057294000 	/usr/lib/system/libsystem_secinit.dylib
0x0000000057294000 	/usr/lib/system/libsystem_symptoms.dylib
0x0000000057294000 	/usr/lib/system/libsystem_trace.dylib
0x0000000057294000 	/usr/lib/system/libunwind.dylib
0x0000000057294000 	/usr/lib/system/libxpc.dylib
0x0000000057294000 	/usr/lib/libbsm.0.dylib
0x0000000057294000 	/usr/lib/system/libkxld.dylib
0x0000000057294000 	/usr/lib/libcoretls.dylib
0x0000000057294000 	/usr/lib/libcoretls_cfhelpers.dylib
0x0000000057294000 	/usr/lib/libOpenScriptingUtil.dylib
0x0000000057294000 	/usr/lib/libpam.2.dylib
0x0000000057294000 	/usr/lib/libsqlite3.dylib
0x0000000057294000 	/usr/lib/libxar.1.dylib
0x0000000057294000 	/usr/lib/libbz2.1.0.dylib
0x0000000057294000 	/usr/lib/liblzma.5.dylib
0x0000000057294000 	/usr/lib/libnetwork.dylib
0x0000000057294000 	/usr/lib/libpcap.A.dylib
0x0000000057294000 	/System/Library/Frameworks/CoreServices.framework/Versions/A/Frameworks/FSEvents.framework/Versions/A/FSEvents
0x0000000057294000 	/System/Library/Frameworks/CoreServices.framework/Versions/A/Frameworks/CarbonCore.framework/Versions/A/CarbonCore
0x0000000057294000 	/System/Library/Frameworks/CoreServices.framework/Versions/A/Frameworks/Metadata.framework/Versions/A/Metadata
0x0000000057294000 	/System/Library/Frameworks/CoreServices.framework/Versions/A/Frameworks/OSServices.framework/Versions/A/OSServices
0x0000000057294000 	/System/Library/Frameworks/CoreServices.framework/Versions/A/Frameworks/SearchKit.framework/Versions/A/SearchKit
0x0000000057294000 	/System/Library/Frameworks/CoreServices.framework/Versions/A/Frameworks/AE.framework/Versions/A/AE
0x0000000057294000 	/System/Library/Frameworks/CoreServices.framework/Versions/A/Frameworks/LaunchServices.framework/Versions/A/LaunchServices
0x0000000057294000 	/System/Library/Frameworks/CoreServices.framework/Versions/A/Frameworks/DictionaryServices.framework/Versions/A/DictionaryServices
0x0000000057294000 	/System/Library/Frameworks/CoreServices.framework/Versions/A/Frameworks/SharedFileList.framework/Versions/A/SharedFileList
0x0000000057294000 	/System/Library/Frameworks/NetFS.framework/Versions/A/NetFS
0x0000000057294000 	/System/Library/PrivateFrameworks/NetAuth.framework/Versions/A/NetAuth
0x0000000057294000 	/System/Library/PrivateFrameworks/login.framework/Versions/A/Frameworks/loginsupport.framework/Versions/A/loginsupport
0x0000000057294000 	/System/Library/PrivateFrameworks/TCC.framework/Versions/A/TCC
0x0000000057294000 	/usr/lib/libmecabra.dylib
0x0000000057294000 	/System/Library/Frameworks/ApplicationServices.framework/Versions/A/Frameworks/ATS.framework/Versions/A/ATS
0x0000000057294000 	/System/Library/Frameworks/ApplicationServices.framework/Versions/A/Frameworks/ColorSync.framework/Versions/A/ColorSync
0x0000000057294000 	/System/Library/Frameworks/ApplicationServices.framework/Versions/A/Frameworks/HIServices.framework/Versions/A/HIServices
0x0000000057294000 	/System/Library/Frameworks/ApplicationServices.framework/Versions/A/Frameworks/LangAnalysis.framework/Versions/A/LangAnalysis
0x0000000057294000 	/System/Library/Frameworks/ApplicationServices.framework/Versions/A/Frameworks/PrintCore.framework/Versions/A/PrintCore
0x0000000057294000 	/System/Library/Frameworks/ApplicationServices.framework/Versions/A/Frameworks/QD.framework/Versions/A/QD
0x0000000057294000 	/System/Library/Frameworks/ApplicationServices.framework/Versions/A/Frameworks/SpeechSynthesis.framework/Versions/A/SpeechSynthesis
0x0000000057294000 	/System/Library/Frameworks/Accelerate.framework/Versions/A/Frameworks/vImage.framework/Versions/A/vImage
0x0000000057294000 	/System/Library/Frameworks/Accelerate.framework/Versions/A/Frameworks/vecLib.framework/Versions/A/vecLib
0x0000000057294000 	/System/Library/Frameworks/Accelerate.framework/Versions/A/Frameworks/vecLib.framework/Versions/A/libvDSP.dylib
0x0000000057294000 	/System/Library/Frameworks/Accelerate.framework/Versions/A/Frameworks/vecLib.framework/Versions/A/libBNNS.dylib
0x0000000057294000 	/System/Library/Frameworks/Accelerate.framework/Versions/A/Frameworks/vecLib.framework/Versions/A/libQuadrature.dylib
0x0000000057294000 	/System/Library/Frameworks/Accelerate.framework/Versions/A/Frameworks/vecLib.framework/Versions/A/libvMisc.dylib
0x0000000057294000 	/System/Library/Frameworks/Accelerate.framework/Versions/A/Frameworks/vecLib.framework/Versions/A/libLAPACK.dylib
0x0000000057294000 	/System/Library/Frameworks/Accelerate.framework/Versions/A/Frameworks/vecLib.framework/Versions/A/libBLAS.dylib
0x0000000057294000 	/System/Library/Frameworks/Accelerate.framework/Versions/A/Frameworks/vecLib.framework/Versions/A/libLinearAlgebra.dylib
0x0000000057294000 	/System/Library/Frameworks/Accelerate.framework/Versions/A/Frameworks/vecLib.framework/Versions/A/libSparseBLAS.dylib
0x0000000057294000 	/System/Library/Frameworks/ApplicationServices.framework/Versions/A/Frameworks/ATS.framework/Versions/A/Resources/libFontParser.dylib
0x0000000057294000 	/System/Library/Frameworks/ApplicationServices.framework/Versions/A/Frameworks/ATS.framework/Versions/A/Resources/libFontRegistry.dylib
0x0000000057294000 	/System/Library/Frameworks/ImageIO.framework/Versions/A/Resources/libJPEG.dylib
0x0000000057294000 	/System/Library/Frameworks/ImageIO.framework/Versions/A/Resources/libTIFF.dylib
0x0000000057294000 	/System/Library/Frameworks/ImageIO.framework/Versions/A/Resources/libPng.dylib
0x0000000057294000 	/System/Library/Frameworks/ImageIO.framework/Versions/A/Resources/libGIF.dylib
0x0000000057294000 	/System/Library/Frameworks/ImageIO.framework/Versions/A/Resources/libJP2.dylib
0x0000000057294000 	/System/Library/Frameworks/ImageIO.framework/Versions/A/Resources/libRadiance.dylib
0x0000000057294000 	/usr/lib/libcompression.dylib
0x0000000057294000 	/System/Library/PrivateFrameworks/AppleJPEG.framework/Versions/A/AppleJPEG
0x0000000057294000 	/usr/lib/libcups.2.dylib
0x0000000057294000 	/System/Library/Frameworks/Kerberos.framework/Versions/A/Kerberos
0x0000000057294000 	/System/Library/Frameworks/GSS.framework/Versions/A/GSS
0x0000000057294000 	/usr/lib/libresolv.9.dylib
0x0000000057294000 	/usr/lib/libiconv.2.dylib
0x0000000057294000 	/System/Library/PrivateFrameworks/Heimdal.framework/Versions/A/Heimdal
0x0000000057294000 	/usr/lib/libheimdal-asn1.dylib
0x0000000057294000 	/System/Library/Frameworks/OpenDirectory.framework/Versions/A/OpenDirectory
0x0000000057294000 	/System/Library/PrivateFrameworks/CommonAuth.framework/Versions/A/CommonAuth
0x0000000057294000 	/System/Library/Frameworks/OpenDirectory.framework/Versions/A/Frameworks/CFOpenDirectory.framework/Versions/A/CFOpenDirectory
0x0000000057294000 	/System/Library/Frameworks/SecurityFoundation.framework/Versions/A/SecurityFoundation
0x0000000057294000 	/System/Library/PrivateFrameworks/LanguageModeling.framework/Versions/A/LanguageModeling
0x0000000057294000 	/usr/lib/libmarisa.dylib
0x0000000057294000 	/usr/lib/libChineseTokenizer.dylib
0x0000000057294000 	/usr/lib/libcmph.dylib
0x0000000057294000 	/System/Library/PrivateFrameworks/CoreEmoji.framework/Versions/A/CoreEmoji
0x0000000057294000 	/System/Library/Frameworks/ServiceManagement.framework/Versions/A/ServiceManagement
0x0000000057294000 	/usr/lib/libxslt.1.dylib
0x0000000057294000 	/System/Library/Frameworks/Carbon.framework/Versions/A/Frameworks/Ink.framework/Versions/A/Ink
0x0000000057294000 	/System/Library/PrivateFrameworks/TextureIO.framework/Versions/A/TextureIO
0x0000000057294000 	/System/Library/Frameworks/Metal.framework/Versions/A/Metal
0x0000000057294000 	/usr/lib/libate.dylib
0x0000000057294000 	/System/Library/PrivateFrameworks/GPUCompiler.framework/libmetal_timestamp.dylib
0x0000000057294000 	/System/Library/Frameworks/OpenGL.framework/Versions/A/Libraries/libCoreFSCache.dylib
0x0000000057294000 	/System/Library/PrivateFrameworks/IOAccelerator.framework/Versions/A/IOAccelerator
0x0000000057294000 	/System/Library/Frameworks/CoreVideo.framework/Versions/A/CoreVideo
0x0000000057294000 	/usr/lib/libFosl_dynamic.dylib
0x0000000057294000 	/System/Library/PrivateFrameworks/MetalPerformanceShaders.framework/Versions/A/MetalPerformanceShaders
0x0000000057294000 	/System/Library/PrivateFrameworks/FaceCore.framework/Versions/A/FaceCore
0x0000000057294000 	/System/Library/Frameworks/OpenCL.framework/Versions/A/OpenCL
0x0000000057294000 	/System/Library/Frameworks/OpenGL.framework/Versions/A/Libraries/libGLU.dylib
0x0000000057294000 	/System/Library/Frameworks/OpenGL.framework/Versions/A/Libraries/libGFXShared.dylib
0x0000000057294000 	/System/Library/Frameworks/OpenGL.framework/Versions/A/Libraries/libGL.dylib
0x0000000057294000 	/System/Library/Frameworks/OpenGL.framework/Versions/A/Libraries/libGLImage.dylib
0x0000000057294000 	/System/Library/Frameworks/OpenGL.framework/Versions/A/Libraries/libCVMSPluginSupport.dylib
0x0000000057294000 	/System/Library/Frameworks/OpenGL.framework/Versions/A/Libraries/libCoreVMClient.dylib
0x0000000057294000 	/System/Library/PrivateFrameworks/CrashReporterSupport.framework/Versions/A/CrashReporterSupport
0x0000000057294000 	/System/Library/PrivateFrameworks/Sharing.framework/Versions/A/Sharing
0x0000000057294000 	/System/Library/PrivateFrameworks/IconServices.framework/Versions/A/IconServices
0x0000000057294000 	/System/Library/PrivateFrameworks/ProtocolBuffer.framework/Versions/A/ProtocolBuffer
0x0000000057294000 	/System/Library/PrivateFrameworks/Apple80211.framework/Versions/A/Apple80211
0x0000000057294000 	/System/Library/Frameworks/CoreWLAN.framework/Versions/A/CoreWLAN
0x0000000057294000 	/System/Library/PrivateFrameworks/CoreUtils.framework/Versions/A/CoreUtils
0x0000000057294000 	/System/Library/Frameworks/IOBluetooth.framework/Versions/A/IOBluetooth
0x0000000057294000 	/System/Library/PrivateFrameworks/CoreWiFi.framework/Versions/A/CoreWiFi
0x0000000057294000 	/System/Library/Frameworks/CoreBluetooth.framework/Versions/A/CoreBluetooth
0x0000000057294000 	/System/Library/Frameworks/CoreDisplay.framework/Versions/A/CoreDisplay
0x0000000057294000 	/System/Library/PrivateFrameworks/IOPresentment.framework/Versions/A/IOPresentment
0x0000000057294000 	/System/Library/PrivateFrameworks/DSExternalDisplay.framework/Versions/A/DSExternalDisplay
0x0000000057294000 	/System/Library/PrivateFrameworks/DebugSymbols.framework/Versions/A/DebugSymbols
0x0000000057294000 	/System/Library/PrivateFrameworks/CoreSymbolication.framework/Versions/A/CoreSymbolication
0x0000000057294000 	/System/Library/PrivateFrameworks/Symbolication.framework/Versions/A/Symbolication
0x0000000057294000 	/System/Library/PrivateFrameworks/AppleFSCompression.framework/Versions/A/AppleFSCompression
0x0000000057294000 	/System/Library/PrivateFrameworks/SpeechRecognitionCore.framework/Versions/A/SpeechRecognitionCore
0x0000000057294000 	/System/Library/PrivateFrameworks/ChunkingLibrary.framework/Versions/A/ChunkingLibrary
0x0000000108f47000 	/Library/Java/JavaVirtualMachines/jdk1.8.0_66.jdk/Contents/Home/jre/lib/server/libjvm.dylib
0x0000000108285000 	/usr/lib/libstdc++.6.dylib
0x000000010833e000 	/Library/Java/JavaVirtualMachines/jdk1.8.0_66.jdk/Contents/Home/jre/lib/libverify.dylib
0x000000010834c000 	/Library/Java/JavaVirtualMachines/jdk1.8.0_66.jdk/Contents/Home/jre/lib/libjava.dylib
0x000000010838b000 	/Library/Java/JavaVirtualMachines/jdk1.8.0_66.jdk/Contents/Home/jre/lib/libzip.dylib
0x0000000115dbe000 	/System/Library/Frameworks/JavaVM.framework/Frameworks/JavaRuntimeSupport.framework/JavaRuntimeSupport
0x0000000115dd8000 	/System/Library/Frameworks/JavaVM.framework/Versions/A/Frameworks/JavaNativeFoundation.framework/Versions/A/JavaNativeFoundation
0x0000000115ded000 	/System/Library/Frameworks/JavaVM.framework/Versions/A/JavaVM
0x0000000057294000 	/System/Library/Frameworks/Carbon.framework/Versions/A/Carbon
0x0000000115dfa000 	/System/Library/PrivateFrameworks/JavaLaunching.framework/Versions/A/JavaLaunching
0x0000000057294000 	/System/Library/Frameworks/Carbon.framework/Versions/A/Frameworks/CommonPanels.framework/Versions/A/CommonPanels
0x0000000057294000 	/System/Library/Frameworks/Carbon.framework/Versions/A/Frameworks/Help.framework/Versions/A/Help
0x0000000057294000 	/System/Library/Frameworks/Carbon.framework/Versions/A/Frameworks/ImageCapture.framework/Versions/A/ImageCapture
0x0000000057294000 	/System/Library/Frameworks/Carbon.framework/Versions/A/Frameworks/OpenScripting.framework/Versions/A/OpenScripting
0x0000000057294000 	/System/Library/Frameworks/Carbon.framework/Versions/A/Frameworks/Print.framework/Versions/A/Print
0x0000000057294000 	/System/Library/Frameworks/Carbon.framework/Versions/A/Frameworks/SecurityHI.framework/Versions/A/SecurityHI
0x000000011771f000 	/Library/Java/JavaVirtualMachines/jdk1.8.0_66.jdk/Contents/Home/jre/lib/libnet.dylib
0x000000011777e000 	/Library/Java/JavaVirtualMachines/jdk1.8.0_66.jdk/Contents/Home/jre/lib/libnio.dylib
0x000000011a9b7000 	/Library/Java/JavaVirtualMachines/jdk1.8.0_66.jdk/Contents/Home/jre/lib/libmanagement.dylib
0x000000011a77b000 	/Users/snc/scala/walnuts/server/target/native_libraries/64bits/libjnotify.jnilib
0x0000000118dc7000 	/private/var/folders/ng/7wmm3t2s25b1q72874yhk_hc0000gp/T/jna-114024/jna3631606663048218613.tmp
0x000000011fdac000 	/usr/local/lib/libsass.dylib

VM Arguments:
jvm_args: -Xms1024m -Xmx1024m -XX:ReservedCodeCacheSize=128m -XX:MaxMetaspaceSize=256m 
java_command: /usr/local/Cellar/sbt/0.13.15/libexec/bin/sbt-launch.jar
java_class_path (initial): /usr/local/Cellar/sbt/0.13.15/libexec/bin/sbt-launch.jar
Launcher Type: SUN_STANDARD

Environment Variables:
PATH=/Users/snc/bin:/Users/snc/Library/Haskell/bin:/usr/local/bin:/usr/bin:/bin:/usr/sbin:/sbin:/opt/X11/bin
SHELL=/bin/bash
DISPLAY=/private/tmp/com.apple.launchd.1QJwdjsq6y/org.macosforge.xquartz:0

Signal Handlers:
SIGSEGV: [libjvm.dylib+0x5a65d5], sa_mask[0]=11111111011111110111111111111111, sa_flags=SA_ONSTACK|SA_RESTART|SA_SIGINFO
SIGBUS: [libjvm.dylib+0x5a65d5], sa_mask[0]=11111111011111110111111111111111, sa_flags=SA_RESTART|SA_SIGINFO
SIGFPE: [libjvm.dylib+0x4802e8], sa_mask[0]=11111111011111110111111111111111, sa_flags=SA_RESTART|SA_SIGINFO
SIGPIPE: [libjvm.dylib+0x4802e8], sa_mask[0]=11111111011111110111111111111111, sa_flags=SA_RESTART|SA_SIGINFO
SIGXFSZ: [libjvm.dylib+0x4802e8], sa_mask[0]=11111111011111110111111111111111, sa_flags=SA_RESTART|SA_SIGINFO
SIGILL: [libjvm.dylib+0x4802e8], sa_mask[0]=11111111011111110111111111111111, sa_flags=SA_RESTART|SA_SIGINFO
SIGUSR1: SIG_DFL, sa_mask[0]=11011111011111100000000111000110, sa_flags=none
SIGUSR2: [libjvm.dylib+0x47fe06], sa_mask[0]=00000000000000000000000000000000, sa_flags=SA_RESTART|SA_SIGINFO
SIGHUP: [libjvm.dylib+0x47e3dd], sa_mask[0]=11111111011111110111111111111111, sa_flags=SA_RESTART|SA_SIGINFO
SIGINT: [libjvm.dylib+0x47e3dd], sa_mask[0]=11111111011111110111111111111111, sa_flags=SA_RESTART|SA_SIGINFO
SIGTERM: [libjvm.dylib+0x47e3dd], sa_mask[0]=11111111011111110111111111111111, sa_flags=SA_RESTART|SA_SIGINFO
SIGQUIT: [libjvm.dylib+0x47e3dd], sa_mask[0]=11111111011111110111111111111111, sa_flags=SA_RESTART|SA_SIGINFO


---------------  S Y S T E M  ---------------

OS:Bsduname:Darwin 16.5.0 Darwin Kernel Version 16.5.0: Fri Mar  3 16:52:33 PST 2017; root:xnu-3789.51.2~3/RELEASE_X86_64 x86_64
rlimit: STACK 8192k, CORE 0k, NPROC 709, NOFILE 10240, AS infinity
load average:4,86 5,18 4,06

CPU:total 4 (2 cores per cpu, 2 threads per core) family 6 model 69 stepping 1, cmov, cx8, fxsr, mmx, sse, sse2, sse3, ssse3, sse4.1, sse4.2, popcnt, avx, avx2, aes, clmul, erms, lzcnt, ht, tsc, tscinvbit, bmi1, bmi2

Memory: 4k page, physical 16777216k(1649828k free)

/proc/meminfo:


vm_info: Java HotSpot(TM) 64-Bit Server VM (25.66-b17) for bsd-amd64 JRE (1.8.0_66-b17), built on Oct  6 2015 16:09:13 by "java_re" with gcc 4.2.1 (Based on Apple Inc. build 5658) (LLVM build 2336.11.00)

time: Thu May  4 23:16:03 2017
elapsed time: 52 seconds (0d 0h 0m 52s)

