LOG:  database system was shut down at 2017-04-22 00:27:52 EEST
LOG:  MultiXact member wraparound protections are now enabled
LOG:  database system is ready to accept connections
LOG:  autovacuum launcher started
WARNING:  there is already a transaction in progress
WARNING:  there is already a transaction in progress
WARNING:  there is already a transaction in progress
WARNING:  there is already a transaction in progress
WARNING:  there is already a transaction in progress
WARNING:  there is already a transaction in progress
WARNING:  there is already a transaction in progress
WARNING:  there is already a transaction in progress
WARNING:  there is already a transaction in progress
WARNING:  there is already a transaction in progress
WARNING:  there is already a transaction in progress
WARNING:  there is already a transaction in progress
WARNING:  there is already a transaction in progress
WARNING:  there is already a transaction in progress
WARNING:  there is already a transaction in progress
WARNING:  there is already a transaction in progress
WARNING:  there is already a transaction in progress
WARNING:  there is already a transaction in progress
WARNING:  there is already a transaction in progress
WARNING:  there is already a transaction in progress
WARNING:  there is already a transaction in progress
WARNING:  there is already a transaction in progress
WARNING:  there is already a transaction in progress
WARNING:  there is already a transaction in progress
WARNING:  there is already a transaction in progress
WARNING:  there is already a transaction in progress
WARNING:  there is already a transaction in progress
WARNING:  there is already a transaction in progress
WARNING:  there is already a transaction in progress
WARNING:  there is already a transaction in progress
WARNING:  there is already a transaction in progress
WARNING:  there is already a transaction in progress
WARNING:  there is already a transaction in progress
WARNING:  there is already a transaction in progress
WARNING:  there is already a transaction in progress
WARNING:  there is already a transaction in progress
WARNING:  there is already a transaction in progress
WARNING:  there is already a transaction in progress
WARNING:  there is already a transaction in progress
WARNING:  there is already a transaction in progress
WARNING:  there is already a transaction in progress
WARNING:  there is already a transaction in progress
WARNING:  there is already a transaction in progress
WARNING:  there is already a transaction in progress
WARNING:  there is already a transaction in progress
WARNING:  there is already a transaction in progress
WARNING:  there is already a transaction in progress
WARNING:  there is already a transaction in progress
LOG:  autovacuum launcher shutting down
LOG:  received smart shutdown request
LOG:  shutting down
LOG:  database system is shut down
